0 info it worked if it ends with ok
1 verbose cli [ '/usr/local/bin/node',
1 verbose cli   '/usr/local/bin/npm',
1 verbose cli   'install',
1 verbose cli   'speaker' ]
2 info using npm@3.3.12
3 info using node@v5.5.0
4 silly loadCurrentTree Starting
5 silly install loadCurrentTree
6 silly install readLocalPackageData
7 silly fetchPackageMetaData speaker@0.2.6
8 silly fetchNamedPackageData speaker
9 silly mapToRegistry name speaker
10 silly mapToRegistry using default registry
11 silly mapToRegistry registry https://registry.npmjs.org/
12 silly mapToRegistry uri https://registry.npmjs.org/speaker
13 verbose request uri https://registry.npmjs.org/speaker
14 verbose request no auth needed
15 info attempt registry request try #1 at 2:59:14 PM
16 verbose request id 9718c63d246eed04
17 verbose etag "DO1IQ8SJ7RXN1B21K51NLR3R2"
18 http request GET https://registry.npmjs.org/speaker
19 http 304 https://registry.npmjs.org/speaker
20 verbose headers { date: 'Tue, 16 Feb 2016 19:59:21 GMT',
20 verbose headers   via: '1.1 varnish',
20 verbose headers   'cache-control': 'max-age=300',
20 verbose headers   etag: '"DO1IQ8SJ7RXN1B21K51NLR3R2"',
20 verbose headers   age: '188',
20 verbose headers   connection: 'keep-alive',
20 verbose headers   'x-served-by': 'cache-jfk1043-JFK',
20 verbose headers   'x-cache': 'HIT',
20 verbose headers   'x-cache-hits': '1',
20 verbose headers   'x-timer': 'S1455652761.671429,VS0,VE0',
20 verbose headers   vary: 'Accept' }
21 silly get cb [ 304,
21 silly get   { date: 'Tue, 16 Feb 2016 19:59:21 GMT',
21 silly get     via: '1.1 varnish',
21 silly get     'cache-control': 'max-age=300',
21 silly get     etag: '"DO1IQ8SJ7RXN1B21K51NLR3R2"',
21 silly get     age: '188',
21 silly get     connection: 'keep-alive',
21 silly get     'x-served-by': 'cache-jfk1043-JFK',
21 silly get     'x-cache': 'HIT',
21 silly get     'x-cache-hits': '1',
21 silly get     'x-timer': 'S1455652761.671429,VS0,VE0',
21 silly get     vary: 'Accept' } ]
22 verbose etag https://registry.npmjs.org/speaker from cache
23 verbose get saving speaker to /home/boombox/.npm/registry.npmjs.org/speaker/.cache.json
24 silly install normalizeTree
25 silly loadCurrentTree Finishing
26 silly loadIdealTree Starting
27 silly install loadIdealTree
28 silly cloneCurrentTree Starting
29 silly install cloneCurrentTreeToIdealTree
30 silly cloneCurrentTree Finishing
31 silly loadShrinkwrap Starting
32 silly install loadShrinkwrap
33 silly loadShrinkwrap Finishing
34 silly loadAllDepsIntoIdealTree Starting
35 silly install loadAllDepsIntoIdealTree
36 silly resolveWithNewModule speaker@0.2.6 checking installable status
37 silly cache add args [ 'speaker@0.2.6', null ]
38 verbose cache add spec speaker@0.2.6
39 silly cache add parsed spec Result {
39 silly cache add   raw: 'speaker@0.2.6',
39 silly cache add   scope: null,
39 silly cache add   name: 'speaker',
39 silly cache add   rawSpec: '0.2.6',
39 silly cache add   spec: '0.2.6',
39 silly cache add   type: 'version' }
40 silly addNamed speaker@0.2.6
41 verbose addNamed "0.2.6" is a plain semver version for speaker
42 silly mapToRegistry name speaker
43 silly mapToRegistry using default registry
44 silly mapToRegistry registry https://registry.npmjs.org/
45 silly mapToRegistry uri https://registry.npmjs.org/speaker
46 verbose addNameVersion registry:https://registry.npmjs.org/speaker not in flight; fetching
47 verbose get https://registry.npmjs.org/speaker not expired, no request
48 silly cache afterAdd speaker@0.2.6
49 verbose afterAdd /home/boombox/.npm/speaker/0.2.6/package/package.json not in flight; writing
50 verbose afterAdd /home/boombox/.npm/speaker/0.2.6/package/package.json written
51 silly fetchNamedPackageData bindings
52 silly mapToRegistry name bindings
53 silly mapToRegistry using default registry
54 silly mapToRegistry registry https://registry.npmjs.org/
55 silly mapToRegistry uri https://registry.npmjs.org/bindings
56 silly fetchNamedPackageData nan
57 silly mapToRegistry name nan
58 silly mapToRegistry using default registry
59 silly mapToRegistry registry https://registry.npmjs.org/
60 silly mapToRegistry uri https://registry.npmjs.org/nan
61 silly fetchNamedPackageData readable-stream
62 silly mapToRegistry name readable-stream
63 silly mapToRegistry using default registry
64 silly mapToRegistry registry https://registry.npmjs.org/
65 silly mapToRegistry uri https://registry.npmjs.org/readable-stream
66 verbose request uri https://registry.npmjs.org/bindings
67 verbose request no auth needed
68 info attempt registry request try #1 at 2:59:20 PM
69 verbose etag "1LLBF9OH58DLBEL4629U6032D"
70 http request GET https://registry.npmjs.org/bindings
71 verbose request uri https://registry.npmjs.org/nan
72 verbose request no auth needed
73 info attempt registry request try #1 at 2:59:20 PM
74 verbose etag "7Y2U1A5TWU1O0YTKGMD4FB8ZN"
75 http request GET https://registry.npmjs.org/nan
76 verbose request uri https://registry.npmjs.org/readable-stream
77 verbose request no auth needed
78 info attempt registry request try #1 at 2:59:20 PM
79 verbose etag "4W2K9FJS7DIUZXJOV284B8NZQ"
80 http request GET https://registry.npmjs.org/readable-stream
81 http 304 https://registry.npmjs.org/bindings
82 verbose headers { date: 'Tue, 16 Feb 2016 19:59:22 GMT',
82 verbose headers   via: '1.1 varnish',
82 verbose headers   'cache-control': 'max-age=300',
82 verbose headers   etag: '"1LLBF9OH58DLBEL4629U6032D"',
82 verbose headers   age: '140',
82 verbose headers   connection: 'keep-alive',
82 verbose headers   'x-served-by': 'cache-jfk1029-JFK',
82 verbose headers   'x-cache': 'HIT',
82 verbose headers   'x-cache-hits': '3',
82 verbose headers   'x-timer': 'S1455652762.009723,VS0,VE0',
82 verbose headers   vary: 'Accept' }
83 silly get cb [ 304,
83 silly get   { date: 'Tue, 16 Feb 2016 19:59:22 GMT',
83 silly get     via: '1.1 varnish',
83 silly get     'cache-control': 'max-age=300',
83 silly get     etag: '"1LLBF9OH58DLBEL4629U6032D"',
83 silly get     age: '140',
83 silly get     connection: 'keep-alive',
83 silly get     'x-served-by': 'cache-jfk1029-JFK',
83 silly get     'x-cache': 'HIT',
83 silly get     'x-cache-hits': '3',
83 silly get     'x-timer': 'S1455652762.009723,VS0,VE0',
83 silly get     vary: 'Accept' } ]
84 verbose etag https://registry.npmjs.org/bindings from cache
85 verbose get saving bindings to /home/boombox/.npm/registry.npmjs.org/bindings/.cache.json
86 http 304 https://registry.npmjs.org/nan
87 verbose headers { date: 'Tue, 16 Feb 2016 19:59:22 GMT',
87 verbose headers   via: '1.1 varnish',
87 verbose headers   'cache-control': 'max-age=300',
87 verbose headers   etag: '"7Y2U1A5TWU1O0YTKGMD4FB8ZN"',
87 verbose headers   age: '128',
87 verbose headers   connection: 'keep-alive',
87 verbose headers   'x-served-by': 'cache-jfk1045-JFK',
87 verbose headers   'x-cache': 'HIT',
87 verbose headers   'x-cache-hits': '6',
87 verbose headers   'x-timer': 'S1455652762.012814,VS0,VE0',
87 verbose headers   vary: 'Accept' }
88 silly get cb [ 304,
88 silly get   { date: 'Tue, 16 Feb 2016 19:59:22 GMT',
88 silly get     via: '1.1 varnish',
88 silly get     'cache-control': 'max-age=300',
88 silly get     etag: '"7Y2U1A5TWU1O0YTKGMD4FB8ZN"',
88 silly get     age: '128',
88 silly get     connection: 'keep-alive',
88 silly get     'x-served-by': 'cache-jfk1045-JFK',
88 silly get     'x-cache': 'HIT',
88 silly get     'x-cache-hits': '6',
88 silly get     'x-timer': 'S1455652762.012814,VS0,VE0',
88 silly get     vary: 'Accept' } ]
89 verbose etag https://registry.npmjs.org/nan from cache
90 verbose get saving nan to /home/boombox/.npm/registry.npmjs.org/nan/.cache.json
91 http 304 https://registry.npmjs.org/readable-stream
92 verbose headers { date: 'Tue, 16 Feb 2016 19:59:22 GMT',
92 verbose headers   via: '1.1 varnish',
92 verbose headers   'cache-control': 'max-age=300',
92 verbose headers   etag: '"4W2K9FJS7DIUZXJOV284B8NZQ"',
92 verbose headers   age: '264',
92 verbose headers   connection: 'keep-alive',
92 verbose headers   'x-served-by': 'cache-jfk1025-JFK',
92 verbose headers   'x-cache': 'HIT',
92 verbose headers   'x-cache-hits': '46',
92 verbose headers   'x-timer': 'S1455652762.012290,VS0,VE0',
92 verbose headers   vary: 'Accept' }
93 silly get cb [ 304,
93 silly get   { date: 'Tue, 16 Feb 2016 19:59:22 GMT',
93 silly get     via: '1.1 varnish',
93 silly get     'cache-control': 'max-age=300',
93 silly get     etag: '"4W2K9FJS7DIUZXJOV284B8NZQ"',
93 silly get     age: '264',
93 silly get     connection: 'keep-alive',
93 silly get     'x-served-by': 'cache-jfk1025-JFK',
93 silly get     'x-cache': 'HIT',
93 silly get     'x-cache-hits': '46',
93 silly get     'x-timer': 'S1455652762.012290,VS0,VE0',
93 silly get     vary: 'Accept' } ]
94 verbose etag https://registry.npmjs.org/readable-stream from cache
95 verbose get saving readable-stream to /home/boombox/.npm/registry.npmjs.org/readable-stream/.cache.json
96 silly resolveWithNewModule bindings@1.2.1 checking installable status
97 silly cache add args [ 'bindings@~1.2.1', null ]
98 verbose cache add spec bindings@~1.2.1
99 silly cache add parsed spec Result {
99 silly cache add   raw: 'bindings@~1.2.1',
99 silly cache add   scope: null,
99 silly cache add   name: 'bindings',
99 silly cache add   rawSpec: '~1.2.1',
99 silly cache add   spec: '>=1.2.1 <1.3.0',
99 silly cache add   type: 'range' }
100 silly addNamed bindings@>=1.2.1 <1.3.0
101 verbose addNamed ">=1.2.1 <1.3.0" is a valid semver range for bindings
102 silly addNameRange { name: 'bindings', range: '>=1.2.1 <1.3.0', hasData: false }
103 silly mapToRegistry name bindings
104 silly mapToRegistry using default registry
105 silly mapToRegistry registry https://registry.npmjs.org/
106 silly mapToRegistry uri https://registry.npmjs.org/bindings
107 verbose addNameRange registry:https://registry.npmjs.org/bindings not in flight; fetching
108 silly resolveWithNewModule nan@2.2.0 checking installable status
109 silly cache add args [ 'nan@2', null ]
110 verbose cache add spec nan@2
111 silly cache add parsed spec Result {
111 silly cache add   raw: 'nan@2',
111 silly cache add   scope: null,
111 silly cache add   name: 'nan',
111 silly cache add   rawSpec: '2',
111 silly cache add   spec: '>=2.0.0 <3.0.0',
111 silly cache add   type: 'range' }
112 silly addNamed nan@>=2.0.0 <3.0.0
113 verbose addNamed ">=2.0.0 <3.0.0" is a valid semver range for nan
114 silly addNameRange { name: 'nan', range: '>=2.0.0 <3.0.0', hasData: false }
115 silly mapToRegistry name nan
116 silly mapToRegistry using default registry
117 silly mapToRegistry registry https://registry.npmjs.org/
118 silly mapToRegistry uri https://registry.npmjs.org/nan
119 verbose addNameRange registry:https://registry.npmjs.org/nan not in flight; fetching
120 silly resolveWithNewModule readable-stream@1.0.33 checking installable status
121 silly cache add args [ 'readable-stream@1.0', null ]
122 verbose cache add spec readable-stream@1.0
123 silly cache add parsed spec Result {
123 silly cache add   raw: 'readable-stream@1.0',
123 silly cache add   scope: null,
123 silly cache add   name: 'readable-stream',
123 silly cache add   rawSpec: '1.0',
123 silly cache add   spec: '>=1.0.0 <1.1.0',
123 silly cache add   type: 'range' }
124 silly addNamed readable-stream@>=1.0.0 <1.1.0
125 verbose addNamed ">=1.0.0 <1.1.0" is a valid semver range for readable-stream
126 silly addNameRange { name: 'readable-stream',
126 silly addNameRange   range: '>=1.0.0 <1.1.0',
126 silly addNameRange   hasData: false }
127 silly mapToRegistry name readable-stream
128 silly mapToRegistry using default registry
129 silly mapToRegistry registry https://registry.npmjs.org/
130 silly mapToRegistry uri https://registry.npmjs.org/readable-stream
131 verbose addNameRange registry:https://registry.npmjs.org/readable-stream not in flight; fetching
132 verbose get https://registry.npmjs.org/bindings not expired, no request
133 silly addNameRange number 2 { name: 'bindings', range: '>=1.2.1 <1.3.0', hasData: true }
134 silly addNameRange versions [ 'bindings',
134 silly addNameRange   [ '0.0.1',
134 silly addNameRange     '0.1.0',
134 silly addNameRange     '0.1.1',
134 silly addNameRange     '0.2.0',
134 silly addNameRange     '0.2.1',
134 silly addNameRange     '0.2.2',
134 silly addNameRange     '0.2.3',
134 silly addNameRange     '0.2.4',
134 silly addNameRange     '0.3.0',
134 silly addNameRange     '0.4.0',
134 silly addNameRange     '1.0.0',
134 silly addNameRange     '1.1.0',
134 silly addNameRange     '1.1.1',
134 silly addNameRange     '1.2.0',
134 silly addNameRange     '1.2.1' ] ]
135 silly addNamed bindings@1.2.1
136 verbose addNamed "1.2.1" is a plain semver version for bindings
137 verbose get https://registry.npmjs.org/nan not expired, no request
138 silly addNameRange number 2 { name: 'nan', range: '>=2.0.0 <3.0.0', hasData: true }
139 silly addNameRange versions [ 'nan',
139 silly addNameRange   [ '0.3.0-wip',
139 silly addNameRange     '0.3.0-wip2',
139 silly addNameRange     '0.3.0',
139 silly addNameRange     '0.3.1',
139 silly addNameRange     '0.3.2',
139 silly addNameRange     '0.4.0',
139 silly addNameRange     '0.4.1',
139 silly addNameRange     '0.4.2',
139 silly addNameRange     '0.4.3',
139 silly addNameRange     '0.4.4',
139 silly addNameRange     '0.5.0',
139 silly addNameRange     '0.5.1',
139 silly addNameRange     '0.5.2',
139 silly addNameRange     '0.6.0',
139 silly addNameRange     '0.7.0',
139 silly addNameRange     '0.7.1',
139 silly addNameRange     '0.8.0',
139 silly addNameRange     '1.0.0',
139 silly addNameRange     '1.1.0',
139 silly addNameRange     '1.1.1',
139 silly addNameRange     '1.1.2',
139 silly addNameRange     '1.2.0',
139 silly addNameRange     '1.3.0',
139 silly addNameRange     '1.4.0',
139 silly addNameRange     '1.4.1',
139 silly addNameRange     '1.5.0',
139 silly addNameRange     '1.4.2',
139 silly addNameRange     '1.4.3',
139 silly addNameRange     '1.5.1',
139 silly addNameRange     '1.5.2',
139 silly addNameRange     '1.6.0',
139 silly addNameRange     '1.5.3',
139 silly addNameRange     '1.6.1',
139 silly addNameRange     '1.6.2',
139 silly addNameRange     '1.7.0',
139 silly addNameRange     '1.8.0',
139 silly addNameRange     '1.8.1',
139 silly addNameRange     '1.8.2',
139 silly addNameRange     '1.8.3',
139 silly addNameRange     '1.8.4',
139 silly addNameRange     '1.9.0',
139 silly addNameRange     '2.0.0',
139 silly addNameRange     '2.0.1',
139 silly addNameRange     '2.0.2',
139 silly addNameRange     '2.0.3',
139 silly addNameRange     '2.0.4',
139 silly addNameRange     '2.0.5',
139 silly addNameRange     '2.0.6',
139 silly addNameRange     '2.0.7',
139 silly addNameRange     '2.0.8',
139 silly addNameRange     '2.0.9',
139 silly addNameRange     '2.1.0',
139 silly addNameRange     '2.2.0' ] ]
140 silly addNamed nan@2.2.0
141 verbose addNamed "2.2.0" is a plain semver version for nan
142 verbose get https://registry.npmjs.org/readable-stream not expired, no request
143 silly addNameRange number 2 { name: 'readable-stream',
143 silly addNameRange   range: '>=1.0.0 <1.1.0',
143 silly addNameRange   hasData: true }
144 silly addNameRange versions [ 'readable-stream',
144 silly addNameRange   [ '0.0.1',
144 silly addNameRange     '0.0.2',
144 silly addNameRange     '0.0.3',
144 silly addNameRange     '0.0.4',
144 silly addNameRange     '0.1.0',
144 silly addNameRange     '0.2.0',
144 silly addNameRange     '0.3.0',
144 silly addNameRange     '0.3.1',
144 silly addNameRange     '1.0.0',
144 silly addNameRange     '1.0.1',
144 silly addNameRange     '1.0.2',
144 silly addNameRange     '1.0.15',
144 silly addNameRange     '1.0.17',
144 silly addNameRange     '1.1.7',
144 silly addNameRange     '1.1.8',
144 silly addNameRange     '1.1.9',
144 silly addNameRange     '1.0.24',
144 silly addNameRange     '1.0.25',
144 silly addNameRange     '1.1.10',
144 silly addNameRange     '1.0.25-1',
144 silly addNameRange     '1.1.11',
144 silly addNameRange     '1.0.26',
144 silly addNameRange     '1.0.26-1',
144 silly addNameRange     '1.1.11-1',
144 silly addNameRange     '1.0.26-2',
144 silly addNameRange     '1.1.12',
144 silly addNameRange     '1.0.26-3',
144 silly addNameRange     '1.0.26-4',
144 silly addNameRange     '1.1.12-1',
144 silly addNameRange     '1.0.27-1',
144 silly addNameRange     '1.1.13-1',
144 silly addNameRange     '1.0.31',
144 silly addNameRange     '1.1.13',
144 silly addNameRange     '1.0.32',
144 silly addNameRange     '1.0.32-1',
144 silly addNameRange     '1.0.33-1',
144 silly addNameRange     '1.0.33-2',
144 silly addNameRange     '1.0.33',
144 silly addNameRange     '2.0.0',
144 silly addNameRange     '2.0.1',
144 silly addNameRange     '2.0.2',
144 silly addNameRange     '2.0.3',
144 silly addNameRange     '2.0.4',
144 silly addNameRange     '2.0.5' ] ]
145 silly addNamed readable-stream@1.0.33
146 verbose addNamed "1.0.33" is a plain semver version for readable-stream
147 silly cache afterAdd bindings@1.2.1
148 verbose afterAdd /home/boombox/.npm/bindings/1.2.1/package/package.json not in flight; writing
149 silly cache afterAdd nan@2.2.0
150 verbose afterAdd /home/boombox/.npm/nan/2.2.0/package/package.json not in flight; writing
151 silly cache afterAdd readable-stream@1.0.33
152 verbose afterAdd /home/boombox/.npm/readable-stream/1.0.33/package/package.json not in flight; writing
153 verbose afterAdd /home/boombox/.npm/bindings/1.2.1/package/package.json written
154 verbose afterAdd /home/boombox/.npm/nan/2.2.0/package/package.json written
155 verbose afterAdd /home/boombox/.npm/readable-stream/1.0.33/package/package.json written
156 silly fetchNamedPackageData core-util-is
157 silly mapToRegistry name core-util-is
158 silly mapToRegistry using default registry
159 silly mapToRegistry registry https://registry.npmjs.org/
160 silly mapToRegistry uri https://registry.npmjs.org/core-util-is
161 silly fetchNamedPackageData isarray
162 silly mapToRegistry name isarray
163 silly mapToRegistry using default registry
164 silly mapToRegistry registry https://registry.npmjs.org/
165 silly mapToRegistry uri https://registry.npmjs.org/isarray
166 silly fetchNamedPackageData string_decoder
167 silly mapToRegistry name string_decoder
168 silly mapToRegistry using default registry
169 silly mapToRegistry registry https://registry.npmjs.org/
170 silly mapToRegistry uri https://registry.npmjs.org/string_decoder
171 verbose request uri https://registry.npmjs.org/core-util-is
172 verbose request no auth needed
173 info attempt registry request try #1 at 2:59:20 PM
174 verbose etag "75RK9UUWAHLYO40UZKLLOJ8YF"
175 http request GET https://registry.npmjs.org/core-util-is
176 verbose request uri https://registry.npmjs.org/isarray
177 verbose request no auth needed
178 info attempt registry request try #1 at 2:59:20 PM
179 verbose etag "9BAUPW5RTV3W0838KA6Y08NTG"
180 http request GET https://registry.npmjs.org/isarray
181 verbose request uri https://registry.npmjs.org/string_decoder
182 verbose request no auth needed
183 info attempt registry request try #1 at 2:59:20 PM
184 verbose etag "3SLQP4XEWUIBONOV855WOPR0B"
185 http request GET https://registry.npmjs.org/string_decoder
186 http 304 https://registry.npmjs.org/isarray
187 verbose headers { date: 'Tue, 16 Feb 2016 19:59:22 GMT',
187 verbose headers   via: '1.1 varnish',
187 verbose headers   'cache-control': 'max-age=300',
187 verbose headers   etag: '"9BAUPW5RTV3W0838KA6Y08NTG"',
187 verbose headers   age: '54',
187 verbose headers   connection: 'keep-alive',
187 verbose headers   'x-served-by': 'cache-jfk1031-JFK',
187 verbose headers   'x-cache': 'HIT',
187 verbose headers   'x-cache-hits': '12',
187 verbose headers   'x-timer': 'S1455652762.183247,VS0,VE0',
187 verbose headers   vary: 'Accept' }
188 silly get cb [ 304,
188 silly get   { date: 'Tue, 16 Feb 2016 19:59:22 GMT',
188 silly get     via: '1.1 varnish',
188 silly get     'cache-control': 'max-age=300',
188 silly get     etag: '"9BAUPW5RTV3W0838KA6Y08NTG"',
188 silly get     age: '54',
188 silly get     connection: 'keep-alive',
188 silly get     'x-served-by': 'cache-jfk1031-JFK',
188 silly get     'x-cache': 'HIT',
188 silly get     'x-cache-hits': '12',
188 silly get     'x-timer': 'S1455652762.183247,VS0,VE0',
188 silly get     vary: 'Accept' } ]
189 verbose etag https://registry.npmjs.org/isarray from cache
190 verbose get saving isarray to /home/boombox/.npm/registry.npmjs.org/isarray/.cache.json
191 http 304 https://registry.npmjs.org/core-util-is
192 verbose headers { date: 'Tue, 16 Feb 2016 19:59:22 GMT',
192 verbose headers   via: '1.1 varnish',
192 verbose headers   'cache-control': 'max-age=300',
192 verbose headers   etag: '"75RK9UUWAHLYO40UZKLLOJ8YF"',
192 verbose headers   age: '103',
192 verbose headers   connection: 'keep-alive',
192 verbose headers   'x-served-by': 'cache-jfk1036-JFK',
192 verbose headers   'x-cache': 'HIT',
192 verbose headers   'x-cache-hits': '16',
192 verbose headers   'x-timer': 'S1455652762.183125,VS0,VE0',
192 verbose headers   vary: 'Accept' }
193 silly get cb [ 304,
193 silly get   { date: 'Tue, 16 Feb 2016 19:59:22 GMT',
193 silly get     via: '1.1 varnish',
193 silly get     'cache-control': 'max-age=300',
193 silly get     etag: '"75RK9UUWAHLYO40UZKLLOJ8YF"',
193 silly get     age: '103',
193 silly get     connection: 'keep-alive',
193 silly get     'x-served-by': 'cache-jfk1036-JFK',
193 silly get     'x-cache': 'HIT',
193 silly get     'x-cache-hits': '16',
193 silly get     'x-timer': 'S1455652762.183125,VS0,VE0',
193 silly get     vary: 'Accept' } ]
194 verbose etag https://registry.npmjs.org/core-util-is from cache
195 verbose get saving core-util-is to /home/boombox/.npm/registry.npmjs.org/core-util-is/.cache.json
196 silly resolveWithNewModule isarray@0.0.1 checking installable status
197 silly cache add args [ 'isarray@0.0.1', null ]
198 verbose cache add spec isarray@0.0.1
199 silly cache add parsed spec Result {
199 silly cache add   raw: 'isarray@0.0.1',
199 silly cache add   scope: null,
199 silly cache add   name: 'isarray',
199 silly cache add   rawSpec: '0.0.1',
199 silly cache add   spec: '0.0.1',
199 silly cache add   type: 'version' }
200 silly addNamed isarray@0.0.1
201 verbose addNamed "0.0.1" is a plain semver version for isarray
202 silly mapToRegistry name isarray
203 silly mapToRegistry using default registry
204 silly mapToRegistry registry https://registry.npmjs.org/
205 silly mapToRegistry uri https://registry.npmjs.org/isarray
206 verbose addNameVersion registry:https://registry.npmjs.org/isarray not in flight; fetching
207 silly resolveWithNewModule core-util-is@1.0.2 checking installable status
208 silly cache add args [ 'core-util-is@~1.0.0', null ]
209 verbose cache add spec core-util-is@~1.0.0
210 silly cache add parsed spec Result {
210 silly cache add   raw: 'core-util-is@~1.0.0',
210 silly cache add   scope: null,
210 silly cache add   name: 'core-util-is',
210 silly cache add   rawSpec: '~1.0.0',
210 silly cache add   spec: '>=1.0.0 <1.1.0',
210 silly cache add   type: 'range' }
211 silly addNamed core-util-is@>=1.0.0 <1.1.0
212 verbose addNamed ">=1.0.0 <1.1.0" is a valid semver range for core-util-is
213 silly addNameRange { name: 'core-util-is', range: '>=1.0.0 <1.1.0', hasData: false }
214 silly mapToRegistry name core-util-is
215 silly mapToRegistry using default registry
216 silly mapToRegistry registry https://registry.npmjs.org/
217 silly mapToRegistry uri https://registry.npmjs.org/core-util-is
218 verbose addNameRange registry:https://registry.npmjs.org/core-util-is not in flight; fetching
219 http 304 https://registry.npmjs.org/string_decoder
220 verbose headers { date: 'Tue, 16 Feb 2016 19:59:22 GMT',
220 verbose headers   via: '1.1 varnish',
220 verbose headers   'cache-control': 'max-age=300',
220 verbose headers   etag: '"3SLQP4XEWUIBONOV855WOPR0B"',
220 verbose headers   age: '267',
220 verbose headers   connection: 'keep-alive',
220 verbose headers   'x-served-by': 'cache-jfk1026-JFK',
220 verbose headers   'x-cache': 'HIT',
220 verbose headers   'x-cache-hits': '52',
220 verbose headers   'x-timer': 'S1455652762.197210,VS0,VE0',
220 verbose headers   vary: 'Accept' }
221 silly get cb [ 304,
221 silly get   { date: 'Tue, 16 Feb 2016 19:59:22 GMT',
221 silly get     via: '1.1 varnish',
221 silly get     'cache-control': 'max-age=300',
221 silly get     etag: '"3SLQP4XEWUIBONOV855WOPR0B"',
221 silly get     age: '267',
221 silly get     connection: 'keep-alive',
221 silly get     'x-served-by': 'cache-jfk1026-JFK',
221 silly get     'x-cache': 'HIT',
221 silly get     'x-cache-hits': '52',
221 silly get     'x-timer': 'S1455652762.197210,VS0,VE0',
221 silly get     vary: 'Accept' } ]
222 verbose etag https://registry.npmjs.org/string_decoder from cache
223 verbose get saving string_decoder to /home/boombox/.npm/registry.npmjs.org/string_decoder/.cache.json
224 verbose get https://registry.npmjs.org/isarray not expired, no request
225 verbose get https://registry.npmjs.org/core-util-is not expired, no request
226 silly addNameRange number 2 { name: 'core-util-is', range: '>=1.0.0 <1.1.0', hasData: true }
227 silly addNameRange versions [ 'core-util-is', [ '1.0.0', '1.0.1', '1.0.2' ] ]
228 silly addNamed core-util-is@1.0.2
229 verbose addNamed "1.0.2" is a plain semver version for core-util-is
230 silly resolveWithNewModule string_decoder@0.10.31 checking installable status
231 silly cache add args [ 'string_decoder@~0.10.x', null ]
232 verbose cache add spec string_decoder@~0.10.x
233 silly cache add parsed spec Result {
233 silly cache add   raw: 'string_decoder@~0.10.x',
233 silly cache add   scope: null,
233 silly cache add   name: 'string_decoder',
233 silly cache add   rawSpec: '~0.10.x',
233 silly cache add   spec: '>=0.10.0 <0.11.0',
233 silly cache add   type: 'range' }
234 silly addNamed string_decoder@>=0.10.0 <0.11.0
235 verbose addNamed ">=0.10.0 <0.11.0" is a valid semver range for string_decoder
236 silly addNameRange { name: 'string_decoder',
236 silly addNameRange   range: '>=0.10.0 <0.11.0',
236 silly addNameRange   hasData: false }
237 silly mapToRegistry name string_decoder
238 silly mapToRegistry using default registry
239 silly mapToRegistry registry https://registry.npmjs.org/
240 silly mapToRegistry uri https://registry.npmjs.org/string_decoder
241 verbose addNameRange registry:https://registry.npmjs.org/string_decoder not in flight; fetching
242 silly cache afterAdd isarray@0.0.1
243 verbose afterAdd /home/boombox/.npm/isarray/0.0.1/package/package.json not in flight; writing
244 silly cache afterAdd core-util-is@1.0.2
245 verbose afterAdd /home/boombox/.npm/core-util-is/1.0.2/package/package.json not in flight; writing
246 verbose get https://registry.npmjs.org/string_decoder not expired, no request
247 silly addNameRange number 2 { name: 'string_decoder',
247 silly addNameRange   range: '>=0.10.0 <0.11.0',
247 silly addNameRange   hasData: true }
248 silly addNameRange versions [ 'string_decoder',
248 silly addNameRange   [ '0.0.0',
248 silly addNameRange     '0.0.1',
248 silly addNameRange     '0.10.24',
248 silly addNameRange     '0.11.10',
248 silly addNameRange     '0.10.25',
248 silly addNameRange     '0.11.10-1',
248 silly addNameRange     '0.10.25-1',
248 silly addNameRange     '0.10.31' ] ]
249 silly addNamed string_decoder@0.10.31
250 verbose addNamed "0.10.31" is a plain semver version for string_decoder
251 verbose afterAdd /home/boombox/.npm/isarray/0.0.1/package/package.json written
252 verbose afterAdd /home/boombox/.npm/core-util-is/1.0.2/package/package.json written
253 silly cache afterAdd string_decoder@0.10.31
254 verbose afterAdd /home/boombox/.npm/string_decoder/0.10.31/package/package.json not in flight; writing
255 verbose afterAdd /home/boombox/.npm/string_decoder/0.10.31/package/package.json written
256 silly loadAllDepsIntoIdealTree Finishing
257 silly idealTree:prePrune BoomBox-server@0.0.1
257 silly idealTree:prePrune ├── accepts@1.2.13
257 silly idealTree:prePrune ├── array-flatten@1.1.1
257 silly idealTree:prePrune ├── bindings@1.2.1
257 silly idealTree:prePrune ├── content-disposition@0.5.1
257 silly idealTree:prePrune ├── content-type@1.0.1
257 silly idealTree:prePrune ├── cookie-signature@1.0.6
257 silly idealTree:prePrune ├── cookie@0.1.5
257 silly idealTree:prePrune ├── core-util-is@1.0.2
257 silly idealTree:prePrune ├── debug@2.2.0
257 silly idealTree:prePrune ├── depd@1.1.0
257 silly idealTree:prePrune ├── destroy@1.0.4
257 silly idealTree:prePrune ├── ee-first@1.1.1
257 silly idealTree:prePrune ├── escape-html@1.0.3
257 silly idealTree:prePrune ├── etag@1.7.0
257 silly idealTree:prePrune ├── express@4.13.4
257 silly idealTree:prePrune ├── finalhandler@0.4.1
257 silly idealTree:prePrune ├── forwarded@0.1.0
257 silly idealTree:prePrune ├── fresh@0.3.0
257 silly idealTree:prePrune ├── http-errors@1.3.1
257 silly idealTree:prePrune ├── inherits@2.0.1
257 silly idealTree:prePrune ├── ipaddr.js@1.0.5
257 silly idealTree:prePrune ├── isarray@0.0.1
257 silly idealTree:prePrune ├── media-typer@0.3.0
257 silly idealTree:prePrune ├── merge-descriptors@1.0.1
257 silly idealTree:prePrune ├── methods@1.1.2
257 silly idealTree:prePrune ├── mime-db@1.21.0
257 silly idealTree:prePrune ├── mime-types@2.1.9
257 silly idealTree:prePrune ├── mime@1.3.4
257 silly idealTree:prePrune ├── ms@0.7.1
257 silly idealTree:prePrune ├── mu2@0.5.20
257 silly idealTree:prePrune ├── mu2express@0.0.1
257 silly idealTree:prePrune ├── nan@2.2.0
257 silly idealTree:prePrune ├── negotiator@0.5.3
257 silly idealTree:prePrune ├── on-finished@2.3.0
257 silly idealTree:prePrune ├── parseurl@1.3.1
257 silly idealTree:prePrune ├── path-to-regexp@0.1.7
257 silly idealTree:prePrune ├── proxy-addr@1.0.10
257 silly idealTree:prePrune ├── qs@4.0.0
257 silly idealTree:prePrune ├── range-parser@1.0.3
257 silly idealTree:prePrune ├── readable-stream@1.0.33
257 silly idealTree:prePrune ├── send@0.13.1
257 silly idealTree:prePrune ├── serve-static@1.10.2
257 silly idealTree:prePrune ├── speaker@0.2.6
257 silly idealTree:prePrune ├── statuses@1.2.1
257 silly idealTree:prePrune ├── string_decoder@0.10.31
257 silly idealTree:prePrune ├── type-is@1.6.11
257 silly idealTree:prePrune ├── unpipe@1.0.0
257 silly idealTree:prePrune ├── utils-merge@1.0.0
257 silly idealTree:prePrune └── vary@1.0.1
258 silly loadIdealTree Finishing
259 silly currentTree BoomBox-server@0.0.1
259 silly currentTree ├── accepts@1.2.13
259 silly currentTree ├── array-flatten@1.1.1
259 silly currentTree ├── content-disposition@0.5.1
259 silly currentTree ├── content-type@1.0.1
259 silly currentTree ├── cookie-signature@1.0.6
259 silly currentTree ├── cookie@0.1.5
259 silly currentTree ├── debug@2.2.0
259 silly currentTree ├── depd@1.1.0
259 silly currentTree ├── destroy@1.0.4
259 silly currentTree ├── ee-first@1.1.1
259 silly currentTree ├── escape-html@1.0.3
259 silly currentTree ├── etag@1.7.0
259 silly currentTree ├── express@4.13.4
259 silly currentTree ├── finalhandler@0.4.1
259 silly currentTree ├── forwarded@0.1.0
259 silly currentTree ├── fresh@0.3.0
259 silly currentTree ├── http-errors@1.3.1
259 silly currentTree ├── inherits@2.0.1
259 silly currentTree ├── ipaddr.js@1.0.5
259 silly currentTree ├── media-typer@0.3.0
259 silly currentTree ├── merge-descriptors@1.0.1
259 silly currentTree ├── methods@1.1.2
259 silly currentTree ├── mime-db@1.21.0
259 silly currentTree ├── mime-types@2.1.9
259 silly currentTree ├── mime@1.3.4
259 silly currentTree ├── ms@0.7.1
259 silly currentTree ├── mu2@0.5.20
259 silly currentTree ├── mu2express@0.0.1
259 silly currentTree ├── negotiator@0.5.3
259 silly currentTree ├── on-finished@2.3.0
259 silly currentTree ├── parseurl@1.3.1
259 silly currentTree ├── path-to-regexp@0.1.7
259 silly currentTree ├── proxy-addr@1.0.10
259 silly currentTree ├── qs@4.0.0
259 silly currentTree ├── range-parser@1.0.3
259 silly currentTree ├── send@0.13.1
259 silly currentTree ├── serve-static@1.10.2
259 silly currentTree ├── statuses@1.2.1
259 silly currentTree ├── type-is@1.6.11
259 silly currentTree ├── unpipe@1.0.0
259 silly currentTree ├── utils-merge@1.0.0
259 silly currentTree └── vary@1.0.1
260 silly idealTree BoomBox-server@0.0.1
260 silly idealTree ├── accepts@1.2.13
260 silly idealTree ├── array-flatten@1.1.1
260 silly idealTree ├── bindings@1.2.1
260 silly idealTree ├── content-disposition@0.5.1
260 silly idealTree ├── content-type@1.0.1
260 silly idealTree ├── cookie-signature@1.0.6
260 silly idealTree ├── cookie@0.1.5
260 silly idealTree ├── core-util-is@1.0.2
260 silly idealTree ├── debug@2.2.0
260 silly idealTree ├── depd@1.1.0
260 silly idealTree ├── destroy@1.0.4
260 silly idealTree ├── ee-first@1.1.1
260 silly idealTree ├── escape-html@1.0.3
260 silly idealTree ├── etag@1.7.0
260 silly idealTree ├── express@4.13.4
260 silly idealTree ├── finalhandler@0.4.1
260 silly idealTree ├── forwarded@0.1.0
260 silly idealTree ├── fresh@0.3.0
260 silly idealTree ├── http-errors@1.3.1
260 silly idealTree ├── inherits@2.0.1
260 silly idealTree ├── ipaddr.js@1.0.5
260 silly idealTree ├── isarray@0.0.1
260 silly idealTree ├── media-typer@0.3.0
260 silly idealTree ├── merge-descriptors@1.0.1
260 silly idealTree ├── methods@1.1.2
260 silly idealTree ├── mime-db@1.21.0
260 silly idealTree ├── mime-types@2.1.9
260 silly idealTree ├── mime@1.3.4
260 silly idealTree ├── ms@0.7.1
260 silly idealTree ├── mu2@0.5.20
260 silly idealTree ├── mu2express@0.0.1
260 silly idealTree ├── nan@2.2.0
260 silly idealTree ├── negotiator@0.5.3
260 silly idealTree ├── on-finished@2.3.0
260 silly idealTree ├── parseurl@1.3.1
260 silly idealTree ├── path-to-regexp@0.1.7
260 silly idealTree ├── proxy-addr@1.0.10
260 silly idealTree ├── qs@4.0.0
260 silly idealTree ├── range-parser@1.0.3
260 silly idealTree ├── readable-stream@1.0.33
260 silly idealTree ├── send@0.13.1
260 silly idealTree ├── serve-static@1.10.2
260 silly idealTree ├── speaker@0.2.6
260 silly idealTree ├── statuses@1.2.1
260 silly idealTree ├── string_decoder@0.10.31
260 silly idealTree ├── type-is@1.6.11
260 silly idealTree ├── unpipe@1.0.0
260 silly idealTree ├── utils-merge@1.0.0
260 silly idealTree └── vary@1.0.1
261 silly generateActionsToTake Starting
262 silly install generateActionsToTake
263 silly generateActionsToTake Finishing
264 silly diffTrees action count 7
265 silly diffTrees add bindings@1.2.1
266 silly diffTrees add core-util-is@1.0.2
267 silly diffTrees add isarray@0.0.1
268 silly diffTrees add nan@2.2.0
269 silly diffTrees add string_decoder@0.10.31
270 silly diffTrees add readable-stream@1.0.33
271 silly diffTrees add speaker@0.2.6
272 silly decomposeActions action count 56
273 silly decomposeActions fetch bindings@1.2.1
274 silly decomposeActions extract bindings@1.2.1
275 silly decomposeActions preinstall bindings@1.2.1
276 silly decomposeActions build bindings@1.2.1
277 silly decomposeActions install bindings@1.2.1
278 silly decomposeActions postinstall bindings@1.2.1
279 silly decomposeActions test bindings@1.2.1
280 silly decomposeActions finalize bindings@1.2.1
281 silly decomposeActions fetch core-util-is@1.0.2
282 silly decomposeActions extract core-util-is@1.0.2
283 silly decomposeActions preinstall core-util-is@1.0.2
284 silly decomposeActions build core-util-is@1.0.2
285 silly decomposeActions install core-util-is@1.0.2
286 silly decomposeActions postinstall core-util-is@1.0.2
287 silly decomposeActions test core-util-is@1.0.2
288 silly decomposeActions finalize core-util-is@1.0.2
289 silly decomposeActions fetch isarray@0.0.1
290 silly decomposeActions extract isarray@0.0.1
291 silly decomposeActions preinstall isarray@0.0.1
292 silly decomposeActions build isarray@0.0.1
293 silly decomposeActions install isarray@0.0.1
294 silly decomposeActions postinstall isarray@0.0.1
295 silly decomposeActions test isarray@0.0.1
296 silly decomposeActions finalize isarray@0.0.1
297 silly decomposeActions fetch nan@2.2.0
298 silly decomposeActions extract nan@2.2.0
299 silly decomposeActions preinstall nan@2.2.0
300 silly decomposeActions build nan@2.2.0
301 silly decomposeActions install nan@2.2.0
302 silly decomposeActions postinstall nan@2.2.0
303 silly decomposeActions test nan@2.2.0
304 silly decomposeActions finalize nan@2.2.0
305 silly decomposeActions fetch string_decoder@0.10.31
306 silly decomposeActions extract string_decoder@0.10.31
307 silly decomposeActions preinstall string_decoder@0.10.31
308 silly decomposeActions build string_decoder@0.10.31
309 silly decomposeActions install string_decoder@0.10.31
310 silly decomposeActions postinstall string_decoder@0.10.31
311 silly decomposeActions test string_decoder@0.10.31
312 silly decomposeActions finalize string_decoder@0.10.31
313 silly decomposeActions fetch readable-stream@1.0.33
314 silly decomposeActions extract readable-stream@1.0.33
315 silly decomposeActions preinstall readable-stream@1.0.33
316 silly decomposeActions build readable-stream@1.0.33
317 silly decomposeActions install readable-stream@1.0.33
318 silly decomposeActions postinstall readable-stream@1.0.33
319 silly decomposeActions test readable-stream@1.0.33
320 silly decomposeActions finalize readable-stream@1.0.33
321 silly decomposeActions fetch speaker@0.2.6
322 silly decomposeActions extract speaker@0.2.6
323 silly decomposeActions preinstall speaker@0.2.6
324 silly decomposeActions build speaker@0.2.6
325 silly decomposeActions install speaker@0.2.6
326 silly decomposeActions postinstall speaker@0.2.6
327 silly decomposeActions test speaker@0.2.6
328 silly decomposeActions finalize speaker@0.2.6
329 silly executeActions Starting
330 silly install executeActions
331 silly doSerial global-install 0
332 silly doParallel fetch 7
333 verbose lock using /home/boombox/.npm/_locks/staging-c72dc0bbad214443.lock for /var/www/BoomBox/node_modules/.staging
334 silly doParallel extract 7
335 silly extract bindings@1.2.1
336 silly extract core-util-is@1.0.2
337 silly extract isarray@0.0.1
338 silly extract nan@2.2.0
339 silly extract string_decoder@0.10.31
340 silly extract readable-stream@1.0.33
341 silly extract speaker@0.2.6
342 verbose unbuild node_modules/.staging/bindings-ec0a99de2da8b325522853c6ec6b984d
343 verbose unbuild node_modules/.staging/core-util-is-ab4ff374a909fc959944b30f79e0d87b
344 verbose unbuild node_modules/.staging/isarray-e31cd3272856f98a960ac5fbc3329c18
345 verbose unbuild node_modules/.staging/nan-1db1ef734bcd2520a7ea86bae22312d7
346 verbose unbuild node_modules/.staging/string_decoder-1d081f268c69a41c14266129972b977b
347 verbose unbuild node_modules/.staging/readable-stream-371a4bd4c052e507def82ec9c6ddd3c6
348 verbose unbuild node_modules/.staging/speaker-d8fbbf80a1b96236bbefaa63238b9d1b
349 silly gentlyRm /var/www/BoomBox/node_modules/.staging/bindings-ec0a99de2da8b325522853c6ec6b984d is being purged from base /var/www/BoomBox
350 silly gentlyRm /var/www/BoomBox/node_modules/.staging/core-util-is-ab4ff374a909fc959944b30f79e0d87b is being purged from base /var/www/BoomBox
351 silly gentlyRm /var/www/BoomBox/node_modules/.staging/isarray-e31cd3272856f98a960ac5fbc3329c18 is being purged from base /var/www/BoomBox
352 silly gentlyRm /var/www/BoomBox/node_modules/.staging/nan-1db1ef734bcd2520a7ea86bae22312d7 is being purged from base /var/www/BoomBox
353 silly gentlyRm /var/www/BoomBox/node_modules/.staging/string_decoder-1d081f268c69a41c14266129972b977b is being purged from base /var/www/BoomBox
354 silly gentlyRm /var/www/BoomBox/node_modules/.staging/readable-stream-371a4bd4c052e507def82ec9c6ddd3c6 is being purged from base /var/www/BoomBox
355 silly gentlyRm /var/www/BoomBox/node_modules/.staging/speaker-d8fbbf80a1b96236bbefaa63238b9d1b is being purged from base /var/www/BoomBox
356 verbose gentlyRm don't care about contents; nuking /var/www/BoomBox/node_modules/.staging/bindings-ec0a99de2da8b325522853c6ec6b984d
357 verbose gentlyRm don't care about contents; nuking /var/www/BoomBox/node_modules/.staging/core-util-is-ab4ff374a909fc959944b30f79e0d87b
358 verbose gentlyRm don't care about contents; nuking /var/www/BoomBox/node_modules/.staging/isarray-e31cd3272856f98a960ac5fbc3329c18
359 verbose gentlyRm don't care about contents; nuking /var/www/BoomBox/node_modules/.staging/nan-1db1ef734bcd2520a7ea86bae22312d7
360 verbose gentlyRm don't care about contents; nuking /var/www/BoomBox/node_modules/.staging/string_decoder-1d081f268c69a41c14266129972b977b
361 verbose gentlyRm don't care about contents; nuking /var/www/BoomBox/node_modules/.staging/readable-stream-371a4bd4c052e507def82ec9c6ddd3c6
362 verbose gentlyRm don't care about contents; nuking /var/www/BoomBox/node_modules/.staging/speaker-d8fbbf80a1b96236bbefaa63238b9d1b
363 verbose tar unpack /home/boombox/.npm/bindings/1.2.1/package.tgz
364 verbose tar unpacking to /var/www/BoomBox/node_modules/.staging/bindings-ec0a99de2da8b325522853c6ec6b984d
365 silly gentlyRm /var/www/BoomBox/node_modules/.staging/bindings-ec0a99de2da8b325522853c6ec6b984d is being purged
366 verbose tar unpack /home/boombox/.npm/core-util-is/1.0.2/package.tgz
367 verbose tar unpacking to /var/www/BoomBox/node_modules/.staging/core-util-is-ab4ff374a909fc959944b30f79e0d87b
368 silly gentlyRm /var/www/BoomBox/node_modules/.staging/core-util-is-ab4ff374a909fc959944b30f79e0d87b is being purged
369 verbose tar unpack /home/boombox/.npm/isarray/0.0.1/package.tgz
370 verbose tar unpacking to /var/www/BoomBox/node_modules/.staging/isarray-e31cd3272856f98a960ac5fbc3329c18
371 silly gentlyRm /var/www/BoomBox/node_modules/.staging/isarray-e31cd3272856f98a960ac5fbc3329c18 is being purged
372 verbose tar unpack /home/boombox/.npm/nan/2.2.0/package.tgz
373 verbose tar unpacking to /var/www/BoomBox/node_modules/.staging/nan-1db1ef734bcd2520a7ea86bae22312d7
374 silly gentlyRm /var/www/BoomBox/node_modules/.staging/nan-1db1ef734bcd2520a7ea86bae22312d7 is being purged
375 verbose tar unpack /home/boombox/.npm/string_decoder/0.10.31/package.tgz
376 verbose tar unpacking to /var/www/BoomBox/node_modules/.staging/string_decoder-1d081f268c69a41c14266129972b977b
377 silly gentlyRm /var/www/BoomBox/node_modules/.staging/string_decoder-1d081f268c69a41c14266129972b977b is being purged
378 verbose tar unpack /home/boombox/.npm/readable-stream/1.0.33/package.tgz
379 verbose tar unpacking to /var/www/BoomBox/node_modules/.staging/readable-stream-371a4bd4c052e507def82ec9c6ddd3c6
380 silly gentlyRm /var/www/BoomBox/node_modules/.staging/readable-stream-371a4bd4c052e507def82ec9c6ddd3c6 is being purged
381 verbose tar unpack /home/boombox/.npm/speaker/0.2.6/package.tgz
382 verbose tar unpacking to /var/www/BoomBox/node_modules/.staging/speaker-d8fbbf80a1b96236bbefaa63238b9d1b
383 silly gentlyRm /var/www/BoomBox/node_modules/.staging/speaker-d8fbbf80a1b96236bbefaa63238b9d1b is being purged
384 verbose gentlyRm don't care about contents; nuking /var/www/BoomBox/node_modules/.staging/bindings-ec0a99de2da8b325522853c6ec6b984d
385 verbose gentlyRm don't care about contents; nuking /var/www/BoomBox/node_modules/.staging/core-util-is-ab4ff374a909fc959944b30f79e0d87b
386 verbose gentlyRm don't care about contents; nuking /var/www/BoomBox/node_modules/.staging/isarray-e31cd3272856f98a960ac5fbc3329c18
387 verbose gentlyRm don't care about contents; nuking /var/www/BoomBox/node_modules/.staging/nan-1db1ef734bcd2520a7ea86bae22312d7
388 verbose gentlyRm don't care about contents; nuking /var/www/BoomBox/node_modules/.staging/string_decoder-1d081f268c69a41c14266129972b977b
389 verbose gentlyRm don't care about contents; nuking /var/www/BoomBox/node_modules/.staging/readable-stream-371a4bd4c052e507def82ec9c6ddd3c6
390 verbose gentlyRm don't care about contents; nuking /var/www/BoomBox/node_modules/.staging/speaker-d8fbbf80a1b96236bbefaa63238b9d1b
391 silly gunzTarPerm modes [ '775', '664' ]
392 silly gunzTarPerm modes [ '775', '664' ]
393 silly gunzTarPerm modes [ '775', '664' ]
394 silly gunzTarPerm modes [ '775', '664' ]
395 silly gunzTarPerm modes [ '775', '664' ]
396 silly gunzTarPerm modes [ '775', '664' ]
397 silly gunzTarPerm modes [ '775', '664' ]
398 silly gunzTarPerm extractEntry package.json
399 silly gunzTarPerm modified mode [ 'package.json', 420, 436 ]
400 silly gunzTarPerm extractEntry package.json
401 silly gunzTarPerm modified mode [ 'package.json', 420, 436 ]
402 silly gunzTarPerm extractEntry package.json
403 silly gunzTarPerm modified mode [ 'package.json', 420, 436 ]
404 silly gunzTarPerm extractEntry package.json
405 silly gunzTarPerm extractEntry package.json
406 silly gunzTarPerm extractEntry package.json
407 silly gunzTarPerm modified mode [ 'package.json', 420, 436 ]
408 silly gunzTarPerm extractEntry package.json
409 silly gunzTarPerm modified mode [ 'package.json', 420, 436 ]
410 silly gunzTarPerm extractEntry README.md
411 silly gunzTarPerm modified mode [ 'README.md', 420, 436 ]
412 silly gunzTarPerm extractEntry bindings.js
413 silly gunzTarPerm modified mode [ 'bindings.js', 420, 436 ]
414 silly gunzTarPerm extractEntry README.md
415 silly gunzTarPerm modified mode [ 'README.md', 420, 436 ]
416 silly gunzTarPerm extractEntry LICENSE
417 silly gunzTarPerm modified mode [ 'LICENSE', 420, 436 ]
418 silly gunzTarPerm extractEntry README.md
419 silly gunzTarPerm modified mode [ 'README.md', 420, 436 ]
420 silly gunzTarPerm extractEntry index.js
421 silly gunzTarPerm modified mode [ 'index.js', 420, 436 ]
422 silly gunzTarPerm extractEntry README.md
423 silly gunzTarPerm extractEntry include_dirs.js
424 silly gunzTarPerm extractEntry .npmignore
425 silly gunzTarPerm extractEntry README.md
426 silly gunzTarPerm extractEntry .npmignore
427 silly gunzTarPerm modified mode [ '.npmignore', 420, 436 ]
428 silly gunzTarPerm extractEntry README.md
429 silly gunzTarPerm modified mode [ 'README.md', 420, 436 ]
430 silly gunzTarPerm extractEntry .npmignore
431 silly gunzTarPerm modified mode [ '.npmignore', 420, 436 ]
432 silly gunzTarPerm extractEntry README.md
433 silly gunzTarPerm modified mode [ 'README.md', 420, 436 ]
434 silly gunzTarPerm extractEntry test.js
435 silly gunzTarPerm modified mode [ 'test.js', 420, 436 ]
436 silly gunzTarPerm extractEntry float.patch
437 silly gunzTarPerm modified mode [ 'float.patch', 420, 436 ]
438 silly gunzTarPerm extractEntry build/build.js
439 silly gunzTarPerm modified mode [ 'build/build.js', 420, 436 ]
440 silly gunzTarPerm extractEntry component.json
441 silly gunzTarPerm modified mode [ 'component.json', 420, 436 ]
442 silly gunzTarPerm extractEntry nan_converters.h
443 silly gunzTarPerm extractEntry LICENSE.md
444 silly gunzTarPerm extractEntry .dntrc
445 silly gunzTarPerm extractEntry LICENSE
446 silly gunzTarPerm extractEntry index.js
447 silly gunzTarPerm extractEntry LICENSE
448 silly gunzTarPerm modified mode [ 'LICENSE', 420, 436 ]
449 silly gunzTarPerm extractEntry duplex.js
450 silly gunzTarPerm modified mode [ 'duplex.js', 420, 436 ]
451 silly gunzTarPerm extractEntry index.js
452 silly gunzTarPerm modified mode [ 'index.js', 420, 436 ]
453 silly gunzTarPerm extractEntry appveyor.yml
454 silly gunzTarPerm modified mode [ 'appveyor.yml', 420, 436 ]
455 silly gunzTarPerm extractEntry appveyor.yml
456 silly gunzTarPerm extractEntry lib/util.js
457 silly gunzTarPerm modified mode [ 'lib/util.js', 420, 436 ]
458 silly gunzTarPerm extractEntry writable.js
459 silly gunzTarPerm modified mode [ 'writable.js', 420, 436 ]
460 silly gunzTarPerm extractEntry passthrough.js
461 silly gunzTarPerm modified mode [ 'passthrough.js', 420, 436 ]
462 silly gunzTarPerm extractEntry binding.gyp
463 silly gunzTarPerm modified mode [ 'binding.gyp', 420, 436 ]
464 silly gunzTarPerm extractEntry .travis.yml
465 silly gunzTarPerm modified mode [ '.travis.yml', 420, 436 ]
466 silly gunzTarPerm extractEntry doc/new.md
467 silly gunzTarPerm extractEntry doc/.build.sh
468 silly gunzTarPerm extractEntry readable.js
469 silly gunzTarPerm modified mode [ 'readable.js', 420, 436 ]
470 silly gunzTarPerm extractEntry transform.js
471 silly gunzTarPerm modified mode [ 'transform.js', 420, 436 ]
472 silly gunzTarPerm extractEntry deps/mpg123/README
473 silly gunzTarPerm modified mode [ 'deps/mpg123/README', 420, 436 ]
474 silly gunzTarPerm extractEntry deps/mpg123/configure.ac
475 silly gunzTarPerm modified mode [ 'deps/mpg123/configure.ac', 420, 436 ]
476 silly gunzTarPerm extractEntry doc/buffers.md
477 silly gunzTarPerm extractEntry doc/callback.md
478 silly gunzTarPerm extractEntry lib/_stream_duplex.js
479 silly gunzTarPerm modified mode [ 'lib/_stream_duplex.js', 420, 436 ]
480 silly gunzTarPerm extractEntry lib/_stream_passthrough.js
481 silly gunzTarPerm modified mode [ 'lib/_stream_passthrough.js', 420, 436 ]
482 silly gunzTarPerm extractEntry deps/mpg123/ChangeLog
483 silly gunzTarPerm modified mode [ 'deps/mpg123/ChangeLog', 420, 436 ]
484 silly gunzTarPerm extractEntry deps/mpg123/INSTALL
485 silly gunzTarPerm modified mode [ 'deps/mpg123/INSTALL', 420, 436 ]
486 silly gunzTarPerm extractEntry doc/converters.md
487 silly gunzTarPerm extractEntry doc/errors.md
488 silly gunzTarPerm extractEntry lib/_stream_readable.js
489 silly gunzTarPerm modified mode [ 'lib/_stream_readable.js', 420, 436 ]
490 silly gunzTarPerm extractEntry deps/mpg123/Makefile.am
491 silly gunzTarPerm modified mode [ 'deps/mpg123/Makefile.am', 420, 436 ]
492 silly gunzTarPerm extractEntry deps/mpg123/Makefile.in
493 silly gunzTarPerm modified mode [ 'deps/mpg123/Makefile.in', 420, 436 ]
494 silly gunzTarPerm extractEntry doc/maybe_types.md
495 silly gunzTarPerm extractEntry doc/methods.md
496 silly gunzTarPerm extractEntry lib/_stream_transform.js
497 silly gunzTarPerm modified mode [ 'lib/_stream_transform.js', 420, 436 ]
498 silly gunzTarPerm extractEntry lib/_stream_writable.js
499 silly gunzTarPerm modified mode [ 'lib/_stream_writable.js', 420, 436 ]
500 silly gunzTarPerm extractEntry deps/mpg123/NEWS
501 silly gunzTarPerm modified mode [ 'deps/mpg123/NEWS', 420, 436 ]
502 silly gunzTarPerm extractEntry deps/mpg123/NEWS.libmpg123
503 silly gunzTarPerm modified mode [ 'deps/mpg123/NEWS.libmpg123', 420, 436 ]
504 silly gunzTarPerm extractEntry doc/asyncworker.md
505 silly gunzTarPerm extractEntry doc/node_misc.md
506 silly gunzTarPerm extractEntry deps/mpg123/AUTHORS
507 silly gunzTarPerm modified mode [ 'deps/mpg123/AUTHORS', 420, 436 ]
508 silly gunzTarPerm extractEntry deps/mpg123/TODO
509 silly gunzTarPerm modified mode [ 'deps/mpg123/TODO', 420, 436 ]
510 silly gunzTarPerm extractEntry doc/object_wrappers.md
511 silly gunzTarPerm extractEntry doc/persistent.md
512 silly gunzTarPerm extractEntry doc/scopes.md
513 silly gunzTarPerm extractEntry doc/script.md
514 silly gunzTarPerm extractEntry deps/mpg123/aclocal.m4
515 silly gunzTarPerm modified mode [ 'deps/mpg123/aclocal.m4', 420, 436 ]
516 silly gunzTarPerm extractEntry deps/mpg123/config/freebsd/x64/config.h
517 silly gunzTarPerm modified mode [ 'deps/mpg123/config/freebsd/x64/config.h', 420, 436 ]
518 silly gunzTarPerm extractEntry deps/mpg123/config/freebsd/x64/mpg123.h
519 silly gunzTarPerm modified mode [ 'deps/mpg123/config/freebsd/x64/mpg123.h', 420, 436 ]
520 silly gunzTarPerm extractEntry deps/mpg123/config/linux/arm/config.h
521 silly gunzTarPerm modified mode [ 'deps/mpg123/config/linux/arm/config.h', 420, 436 ]
522 silly gunzTarPerm extractEntry deps/mpg123/config/linux/arm/mpg123.h
523 silly gunzTarPerm modified mode [ 'deps/mpg123/config/linux/arm/mpg123.h', 420, 436 ]
524 silly gunzTarPerm extractEntry doc/string_bytes.md
525 silly gunzTarPerm extractEntry doc/v8_internals.md
526 silly gunzTarPerm extractEntry deps/mpg123/config/linux/ia32/config.h
527 silly gunzTarPerm modified mode [ 'deps/mpg123/config/linux/ia32/config.h', 420, 436 ]
528 silly gunzTarPerm extractEntry deps/mpg123/config/linux/ia32/mpg123.h
529 silly gunzTarPerm modified mode [ 'deps/mpg123/config/linux/ia32/mpg123.h', 420, 436 ]
530 silly gunzTarPerm extractEntry doc/v8_misc.md
531 silly gunzTarPerm extractEntry deps/mpg123/config/linux/x64/config.h
532 silly gunzTarPerm modified mode [ 'deps/mpg123/config/linux/x64/config.h', 420, 436 ]
533 silly gunzTarPerm extractEntry nan.h
534 silly gunzTarPerm extractEntry nan_callbacks.h
535 silly gunzTarPerm extractEntry deps/mpg123/config/linux/x64/mpg123.h
536 silly gunzTarPerm modified mode [ 'deps/mpg123/config/linux/x64/mpg123.h', 420, 436 ]
537 silly gunzTarPerm extractEntry deps/mpg123/config/mac/ia32/config.h
538 silly gunzTarPerm modified mode [ 'deps/mpg123/config/mac/ia32/config.h', 420, 436 ]
539 silly gunzTarPerm extractEntry nan_callbacks_12_inl.h
540 silly gunzTarPerm extractEntry nan_callbacks_pre_12_inl.h
541 silly gunzTarPerm extractEntry deps/mpg123/config/mac/ia32/mpg123.h
542 silly gunzTarPerm modified mode [ 'deps/mpg123/config/mac/ia32/mpg123.h', 420, 436 ]
543 silly gunzTarPerm extractEntry deps/mpg123/config/mac/x64/config.h
544 silly gunzTarPerm modified mode [ 'deps/mpg123/config/mac/x64/config.h', 420, 436 ]
545 silly gunzTarPerm extractEntry deps/mpg123/config/mac/x64/mpg123.h
546 silly gunzTarPerm modified mode [ 'deps/mpg123/config/mac/x64/mpg123.h', 420, 436 ]
547 silly gunzTarPerm extractEntry nan_converters_43_inl.h
548 silly gunzTarPerm extractEntry nan_converters_pre_43_inl.h
549 silly gunzTarPerm extractEntry nan_implementation_12_inl.h
550 silly gunzTarPerm extractEntry deps/mpg123/config/solaris/ia32/config.h
551 silly gunzTarPerm modified mode [ 'deps/mpg123/config/solaris/ia32/config.h', 420, 436 ]
552 silly gunzTarPerm extractEntry nan_implementation_pre_12_inl.h
553 silly gunzTarPerm extractEntry deps/mpg123/config/solaris/ia32/mpg123.h
554 silly gunzTarPerm modified mode [ 'deps/mpg123/config/solaris/ia32/mpg123.h', 420, 436 ]
555 silly gunzTarPerm extractEntry deps/mpg123/config/solaris/x64/config.h
556 silly gunzTarPerm modified mode [ 'deps/mpg123/config/solaris/x64/config.h', 420, 436 ]
557 silly gunzTarPerm extractEntry deps/mpg123/config/solaris/x64/mpg123.h
558 silly gunzTarPerm modified mode [ 'deps/mpg123/config/solaris/x64/mpg123.h', 420, 436 ]
559 silly gunzTarPerm extractEntry nan_maybe_43_inl.h
560 silly gunzTarPerm extractEntry nan_maybe_pre_43_inl.h
561 silly gunzTarPerm extractEntry nan_new.h
562 silly gunzTarPerm extractEntry deps/mpg123/config/win/ia32/config.h
563 silly gunzTarPerm modified mode [ 'deps/mpg123/config/win/ia32/config.h', 420, 436 ]
564 silly gunzTarPerm extractEntry nan_object_wrap.h
565 silly gunzTarPerm extractEntry deps/mpg123/config/win/ia32/mpg123.h
566 silly gunzTarPerm modified mode [ 'deps/mpg123/config/win/ia32/mpg123.h', 420, 436 ]
567 silly gunzTarPerm extractEntry deps/mpg123/config/win/x64/config.h
568 silly gunzTarPerm modified mode [ 'deps/mpg123/config/win/x64/config.h', 420, 436 ]
569 silly gunzTarPerm extractEntry nan_persistent_12_inl.h
570 silly gunzTarPerm extractEntry nan_persistent_pre_12_inl.h
571 silly gunzTarPerm extractEntry deps/mpg123/config/win/x64/mpg123.h
572 silly gunzTarPerm modified mode [ 'deps/mpg123/config/win/x64/mpg123.h', 420, 436 ]
573 silly gunzTarPerm extractEntry deps/mpg123/configure
574 silly gunzTarPerm modified mode [ 'deps/mpg123/configure', 493, 509 ]
575 silly gunzTarPerm extractEntry nan_string_bytes.h
576 silly gunzTarPerm extractEntry nan_typedarray_contents.h
577 silly gunzTarPerm extractEntry nan_weak.h
578 silly gunzTarPerm extractEntry CHANGELOG.md
579 silly gunzTarPerm extractEntry deps/mpg123/COPYING
580 silly gunzTarPerm modified mode [ 'deps/mpg123/COPYING', 420, 436 ]
581 silly gunzTarPerm extractEntry tools/package.json
582 silly gunzTarPerm extractEntry tools/README.md
583 silly gunzTarPerm extractEntry deps/mpg123/equalize.dat
584 silly gunzTarPerm modified mode [ 'deps/mpg123/equalize.dat', 420, 436 ]
585 silly gunzTarPerm extractEntry deps/mpg123/libmpg123.pc.in
586 silly gunzTarPerm modified mode [ 'deps/mpg123/libmpg123.pc.in', 420, 436 ]
587 silly gunzTarPerm extractEntry deps/mpg123/m4/addrconfig.m4
588 silly gunzTarPerm modified mode [ 'deps/mpg123/m4/addrconfig.m4', 420, 436 ]
589 silly gunzTarPerm extractEntry deps/mpg123/m4/libtool.m4
590 silly gunzTarPerm modified mode [ 'deps/mpg123/m4/libtool.m4', 420, 436 ]
591 silly gunzTarPerm extractEntry tools/1to2.js
592 silly gunzTarPerm extractEntry deps/mpg123/m4/ltoptions.m4
593 silly gunzTarPerm modified mode [ 'deps/mpg123/m4/ltoptions.m4', 420, 436 ]
594 silly gunzTarPerm extractEntry deps/mpg123/m4/ltsugar.m4
595 silly gunzTarPerm modified mode [ 'deps/mpg123/m4/ltsugar.m4', 420, 436 ]
596 silly gunzTarPerm extractEntry deps/mpg123/m4/ltversion.m4
597 silly gunzTarPerm modified mode [ 'deps/mpg123/m4/ltversion.m4', 420, 436 ]
598 silly gunzTarPerm extractEntry deps/mpg123/m4/lt~obsolete.m4
599 silly gunzTarPerm modified mode [ 'deps/mpg123/m4/lt~obsolete.m4', 420, 436 ]
600 silly gunzTarPerm extractEntry deps/mpg123/makedll.sh
601 silly gunzTarPerm modified mode [ 'deps/mpg123/makedll.sh', 420, 436 ]
602 silly gunzTarPerm extractEntry deps/mpg123/man1/mpg123.1
603 silly gunzTarPerm modified mode [ 'deps/mpg123/man1/mpg123.1', 420, 436 ]
604 silly gunzTarPerm extractEntry deps/mpg123/mpg123.gyp
605 silly gunzTarPerm modified mode [ 'deps/mpg123/mpg123.gyp', 420, 436 ]
606 silly gunzTarPerm extractEntry deps/mpg123/mpg123.spec
607 silly gunzTarPerm modified mode [ 'deps/mpg123/mpg123.spec', 420, 436 ]
608 silly gunzTarPerm extractEntry deps/mpg123/mpg123.spec.in
609 silly gunzTarPerm modified mode [ 'deps/mpg123/mpg123.spec.in', 420, 436 ]
610 silly gunzTarPerm extractEntry deps/mpg123/scripts/benchmark-cpu.pl
611 silly gunzTarPerm modified mode [ 'deps/mpg123/scripts/benchmark-cpu.pl', 493, 509 ]
612 silly gunzTarPerm extractEntry deps/mpg123/scripts/tag_lyrics.py
613 silly gunzTarPerm modified mode [ 'deps/mpg123/scripts/tag_lyrics.py', 420, 436 ]
614 silly gunzTarPerm extractEntry deps/mpg123/src/metaprint.h
615 silly gunzTarPerm modified mode [ 'deps/mpg123/src/metaprint.h', 420, 436 ]
616 silly gunzTarPerm extractEntry deps/mpg123/src/Makefile.am
617 silly gunzTarPerm modified mode [ 'deps/mpg123/src/Makefile.am', 420, 436 ]
618 silly gunzTarPerm extractEntry deps/mpg123/src/audio.c
619 silly gunzTarPerm modified mode [ 'deps/mpg123/src/audio.c', 420, 436 ]
620 silly gunzTarPerm extractEntry deps/mpg123/src/audio.h
621 silly gunzTarPerm modified mode [ 'deps/mpg123/src/audio.h', 420, 436 ]
622 silly gunzTarPerm extractEntry deps/mpg123/src/buffer.c
623 silly gunzTarPerm modified mode [ 'deps/mpg123/src/buffer.c', 420, 436 ]
624 silly gunzTarPerm extractEntry deps/mpg123/src/buffer.h
625 silly gunzTarPerm modified mode [ 'deps/mpg123/src/buffer.h', 420, 436 ]
626 silly gunzTarPerm extractEntry deps/mpg123/src/common.c
627 silly gunzTarPerm modified mode [ 'deps/mpg123/src/common.c', 420, 436 ]
628 silly gunzTarPerm extractEntry deps/mpg123/src/common.h
629 silly gunzTarPerm modified mode [ 'deps/mpg123/src/common.h', 420, 436 ]
630 silly gunzTarPerm extractEntry deps/mpg123/src/config.h.in
631 silly gunzTarPerm modified mode [ 'deps/mpg123/src/config.h.in', 420, 436 ]
632 silly gunzTarPerm extractEntry deps/mpg123/src/control_generic.c
633 silly gunzTarPerm modified mode [ 'deps/mpg123/src/control_generic.c', 420, 436 ]
634 silly gunzTarPerm extractEntry deps/mpg123/src/equalizer.c
635 silly gunzTarPerm modified mode [ 'deps/mpg123/src/equalizer.c', 420, 436 ]
636 silly gunzTarPerm extractEntry deps/mpg123/src/genre.c
637 silly gunzTarPerm modified mode [ 'deps/mpg123/src/genre.c', 420, 436 ]
638 silly gunzTarPerm extractEntry deps/mpg123/src/genre.h
639 silly gunzTarPerm modified mode [ 'deps/mpg123/src/genre.h', 420, 436 ]
640 silly gunzTarPerm extractEntry deps/mpg123/src/getlopt.c
641 silly gunzTarPerm modified mode [ 'deps/mpg123/src/getlopt.c', 420, 436 ]
642 silly gunzTarPerm extractEntry deps/mpg123/src/getlopt.h
643 silly gunzTarPerm modified mode [ 'deps/mpg123/src/getlopt.h', 420, 436 ]
644 silly gunzTarPerm extractEntry deps/mpg123/src/httpget.c
645 silly gunzTarPerm modified mode [ 'deps/mpg123/src/httpget.c', 420, 436 ]
646 silly gunzTarPerm extractEntry deps/mpg123/src/httpget.h
647 silly gunzTarPerm modified mode [ 'deps/mpg123/src/httpget.h', 420, 436 ]
648 silly gunzTarPerm extractEntry deps/mpg123/src/legacy_module.c
649 silly gunzTarPerm modified mode [ 'deps/mpg123/src/legacy_module.c', 420, 436 ]
650 silly gunzTarPerm extractEntry deps/mpg123/src/libmpg123/mpg123lib_intern.h
651 silly gunzTarPerm modified mode [ 'deps/mpg123/src/libmpg123/mpg123lib_intern.h', 420, 436 ]
652 silly gunzTarPerm extractEntry deps/mpg123/src/libmpg123/Makefile.am
653 silly gunzTarPerm modified mode [ 'deps/mpg123/src/libmpg123/Makefile.am', 420, 436 ]
654 silly gunzTarPerm extractEntry deps/mpg123/src/libmpg123/compat.c
655 silly gunzTarPerm modified mode [ 'deps/mpg123/src/libmpg123/compat.c', 420, 436 ]
656 silly gunzTarPerm extractEntry deps/mpg123/src/libmpg123/compat.h
657 silly gunzTarPerm modified mode [ 'deps/mpg123/src/libmpg123/compat.h', 420, 436 ]
658 silly gunzTarPerm extractEntry deps/mpg123/src/libmpg123/dct36_3dnow.S
659 silly gunzTarPerm modified mode [ 'deps/mpg123/src/libmpg123/dct36_3dnow.S', 420, 436 ]
660 silly gunzTarPerm extractEntry deps/mpg123/src/libmpg123/dct36_3dnowext.S
661 silly gunzTarPerm modified mode [ 'deps/mpg123/src/libmpg123/dct36_3dnowext.S', 420, 436 ]
662 silly gunzTarPerm extractEntry deps/mpg123/src/libmpg123/dct64.c
663 silly gunzTarPerm modified mode [ 'deps/mpg123/src/libmpg123/dct64.c', 420, 436 ]
664 silly gunzTarPerm extractEntry deps/mpg123/src/libmpg123/dct64_3dnow.S
665 silly gunzTarPerm modified mode [ 'deps/mpg123/src/libmpg123/dct64_3dnow.S', 420, 436 ]
666 silly gunzTarPerm extractEntry deps/mpg123/src/libmpg123/dct64_3dnowext.S
667 silly gunzTarPerm modified mode [ 'deps/mpg123/src/libmpg123/dct64_3dnowext.S', 420, 436 ]
668 silly gunzTarPerm extractEntry deps/mpg123/src/libmpg123/dct64_altivec.c
669 silly gunzTarPerm modified mode [ 'deps/mpg123/src/libmpg123/dct64_altivec.c', 420, 436 ]
670 silly gunzTarPerm extractEntry deps/mpg123/src/libmpg123/dct64_i386.c
671 silly gunzTarPerm modified mode [ 'deps/mpg123/src/libmpg123/dct64_i386.c', 420, 436 ]
672 silly gunzTarPerm extractEntry deps/mpg123/src/libmpg123/dct64_i486.c
673 silly gunzTarPerm modified mode [ 'deps/mpg123/src/libmpg123/dct64_i486.c', 420, 436 ]
674 silly gunzTarPerm extractEntry deps/mpg123/src/libmpg123/dct64_mmx.S
675 silly gunzTarPerm modified mode [ 'deps/mpg123/src/libmpg123/dct64_mmx.S', 420, 436 ]
676 silly gunzTarPerm extractEntry deps/mpg123/src/libmpg123/dct64_neon.S
677 silly gunzTarPerm modified mode [ 'deps/mpg123/src/libmpg123/dct64_neon.S', 420, 436 ]
678 silly gunzTarPerm extractEntry deps/mpg123/src/libmpg123/dct64_neon_float.S
679 silly gunzTarPerm modified mode [ 'deps/mpg123/src/libmpg123/dct64_neon_float.S', 420, 436 ]
680 silly gunzTarPerm extractEntry deps/mpg123/src/libmpg123/dct64_sse.S
681 silly gunzTarPerm modified mode [ 'deps/mpg123/src/libmpg123/dct64_sse.S', 420, 436 ]
682 silly gunzTarPerm extractEntry deps/mpg123/src/libmpg123/dct64_sse_float.S
683 silly gunzTarPerm modified mode [ 'deps/mpg123/src/libmpg123/dct64_sse_float.S', 420, 436 ]
684 silly gunzTarPerm extractEntry deps/mpg123/src/libmpg123/dct64_x86_64.S
685 silly gunzTarPerm modified mode [ 'deps/mpg123/src/libmpg123/dct64_x86_64.S', 420, 436 ]
686 silly gunzTarPerm extractEntry deps/mpg123/src/libmpg123/dct64_x86_64_float.S
687 silly gunzTarPerm modified mode [ 'deps/mpg123/src/libmpg123/dct64_x86_64_float.S', 420, 436 ]
688 silly gunzTarPerm extractEntry deps/mpg123/src/libmpg123/debug.h
689 silly gunzTarPerm modified mode [ 'deps/mpg123/src/libmpg123/debug.h', 420, 436 ]
690 silly gunzTarPerm extractEntry deps/mpg123/src/libmpg123/decode.h
691 silly gunzTarPerm modified mode [ 'deps/mpg123/src/libmpg123/decode.h', 420, 436 ]
692 silly gunzTarPerm extractEntry deps/mpg123/src/libmpg123/dither.c
693 silly gunzTarPerm modified mode [ 'deps/mpg123/src/libmpg123/dither.c', 420, 436 ]
694 silly gunzTarPerm extractEntry deps/mpg123/src/libmpg123/dither.h
695 silly gunzTarPerm modified mode [ 'deps/mpg123/src/libmpg123/dither.h', 420, 436 ]
696 silly gunzTarPerm extractEntry deps/mpg123/src/libmpg123/equalizer.c
697 silly gunzTarPerm modified mode [ 'deps/mpg123/src/libmpg123/equalizer.c', 420, 436 ]
698 silly gunzTarPerm extractEntry deps/mpg123/src/libmpg123/equalizer_3dnow.S
699 silly gunzTarPerm modified mode [ 'deps/mpg123/src/libmpg123/equalizer_3dnow.S', 420, 436 ]
700 silly gunzTarPerm extractEntry deps/mpg123/src/libmpg123/feature.c
701 silly gunzTarPerm modified mode [ 'deps/mpg123/src/libmpg123/feature.c', 420, 436 ]
702 silly gunzTarPerm extractEntry deps/mpg123/src/libmpg123/format.c
703 silly gunzTarPerm modified mode [ 'deps/mpg123/src/libmpg123/format.c', 420, 436 ]
704 silly gunzTarPerm extractEntry deps/mpg123/src/libmpg123/frame.c
705 silly gunzTarPerm modified mode [ 'deps/mpg123/src/libmpg123/frame.c', 420, 436 ]
706 silly gunzTarPerm extractEntry deps/mpg123/src/libmpg123/frame.h
707 silly gunzTarPerm modified mode [ 'deps/mpg123/src/libmpg123/frame.h', 420, 436 ]
708 silly gunzTarPerm extractEntry deps/mpg123/src/libmpg123/gapless.h
709 silly gunzTarPerm modified mode [ 'deps/mpg123/src/libmpg123/gapless.h', 420, 436 ]
710 silly gunzTarPerm extractEntry deps/mpg123/src/libmpg123/getbits.h
711 silly gunzTarPerm modified mode [ 'deps/mpg123/src/libmpg123/getbits.h', 420, 436 ]
712 silly gunzTarPerm extractEntry deps/mpg123/src/libmpg123/getcpuflags.S
713 silly gunzTarPerm modified mode [ 'deps/mpg123/src/libmpg123/getcpuflags.S', 420, 436 ]
714 silly gunzTarPerm extractEntry deps/mpg123/src/libmpg123/getcpuflags.h
715 silly gunzTarPerm modified mode [ 'deps/mpg123/src/libmpg123/getcpuflags.h', 420, 436 ]
716 silly gunzTarPerm extractEntry deps/mpg123/src/libmpg123/huffman.h
717 silly gunzTarPerm modified mode [ 'deps/mpg123/src/libmpg123/huffman.h', 420, 436 ]
718 silly gunzTarPerm extractEntry deps/mpg123/src/libmpg123/icy.c
719 silly gunzTarPerm modified mode [ 'deps/mpg123/src/libmpg123/icy.c', 420, 436 ]
720 silly gunzTarPerm extractEntry deps/mpg123/src/libmpg123/icy.h
721 silly gunzTarPerm modified mode [ 'deps/mpg123/src/libmpg123/icy.h', 420, 436 ]
722 silly gunzTarPerm extractEntry deps/mpg123/src/libmpg123/icy2utf8.c
723 silly gunzTarPerm modified mode [ 'deps/mpg123/src/libmpg123/icy2utf8.c', 420, 436 ]
724 silly gunzTarPerm extractEntry deps/mpg123/src/libmpg123/icy2utf8.h
725 silly gunzTarPerm modified mode [ 'deps/mpg123/src/libmpg123/icy2utf8.h', 420, 436 ]
726 silly gunzTarPerm extractEntry deps/mpg123/src/libmpg123/id3.c
727 silly gunzTarPerm modified mode [ 'deps/mpg123/src/libmpg123/id3.c', 420, 436 ]
728 silly gunzTarPerm extractEntry deps/mpg123/src/libmpg123/id3.h
729 silly gunzTarPerm modified mode [ 'deps/mpg123/src/libmpg123/id3.h', 420, 436 ]
730 silly gunzTarPerm extractEntry deps/mpg123/src/libmpg123/index.c
731 silly gunzTarPerm modified mode [ 'deps/mpg123/src/libmpg123/index.c', 420, 436 ]
732 silly gunzTarPerm extractEntry deps/mpg123/src/libmpg123/index.h
733 silly gunzTarPerm modified mode [ 'deps/mpg123/src/libmpg123/index.h', 420, 436 ]
734 silly gunzTarPerm extractEntry deps/mpg123/src/libmpg123/intsym.h
735 silly gunzTarPerm modified mode [ 'deps/mpg123/src/libmpg123/intsym.h', 420, 436 ]
736 silly gunzTarPerm extractEntry deps/mpg123/src/libmpg123/l12_integer_tables.h
737 silly gunzTarPerm modified mode [ 'deps/mpg123/src/libmpg123/l12_integer_tables.h', 420, 436 ]
738 silly gunzTarPerm extractEntry deps/mpg123/src/libmpg123/l2tables.h
739 silly gunzTarPerm modified mode [ 'deps/mpg123/src/libmpg123/l2tables.h', 420, 436 ]
740 silly gunzTarPerm extractEntry deps/mpg123/src/libmpg123/l3_integer_tables.h
741 silly gunzTarPerm modified mode [ 'deps/mpg123/src/libmpg123/l3_integer_tables.h', 420, 436 ]
742 silly gunzTarPerm extractEntry deps/mpg123/src/libmpg123/layer1.c
743 silly gunzTarPerm modified mode [ 'deps/mpg123/src/libmpg123/layer1.c', 420, 436 ]
744 silly gunzTarPerm extractEntry deps/mpg123/src/libmpg123/layer2.c
745 silly gunzTarPerm modified mode [ 'deps/mpg123/src/libmpg123/layer2.c', 420, 436 ]
746 silly gunzTarPerm extractEntry deps/mpg123/src/libmpg123/layer3.c
747 silly gunzTarPerm modified mode [ 'deps/mpg123/src/libmpg123/layer3.c', 420, 436 ]
748 silly gunzTarPerm extractEntry deps/mpg123/src/libmpg123/lfs_alias.c
749 silly gunzTarPerm modified mode [ 'deps/mpg123/src/libmpg123/lfs_alias.c', 420, 436 ]
750 silly gunzTarPerm extractEntry deps/mpg123/src/libmpg123/lfs_wrap.c
751 silly gunzTarPerm modified mode [ 'deps/mpg123/src/libmpg123/lfs_wrap.c', 420, 436 ]
752 silly gunzTarPerm extractEntry deps/mpg123/src/libmpg123/libmpg123.c
753 silly gunzTarPerm modified mode [ 'deps/mpg123/src/libmpg123/libmpg123.c', 420, 436 ]
754 silly gunzTarPerm extractEntry deps/mpg123/src/libmpg123/mangle.h
755 silly gunzTarPerm modified mode [ 'deps/mpg123/src/libmpg123/mangle.h', 420, 436 ]
756 silly gunzTarPerm extractEntry deps/mpg123/src/libmpg123/mpeghead.h
757 silly gunzTarPerm modified mode [ 'deps/mpg123/src/libmpg123/mpeghead.h', 420, 436 ]
758 silly gunzTarPerm extractEntry deps/mpg123/src/libmpg123/mpg123.h.in
759 silly gunzTarPerm modified mode [ 'deps/mpg123/src/libmpg123/mpg123.h.in', 420, 436 ]
760 silly gunzTarPerm extractEntry deps/mpg123/src/libmpg123/Makefile.in
761 silly gunzTarPerm modified mode [ 'deps/mpg123/src/libmpg123/Makefile.in', 420, 436 ]
762 silly gunzTarPerm extractEntry deps/mpg123/src/libmpg123/ntom.c
763 silly gunzTarPerm modified mode [ 'deps/mpg123/src/libmpg123/ntom.c', 420, 436 ]
764 silly gunzTarPerm extractEntry deps/mpg123/src/libmpg123/optimize.c
765 silly gunzTarPerm modified mode [ 'deps/mpg123/src/libmpg123/optimize.c', 420, 436 ]
766 silly gunzTarPerm extractEntry deps/mpg123/src/libmpg123/optimize.h
767 silly gunzTarPerm modified mode [ 'deps/mpg123/src/libmpg123/optimize.h', 420, 436 ]
768 silly gunzTarPerm extractEntry deps/mpg123/src/libmpg123/parse.c
769 silly gunzTarPerm modified mode [ 'deps/mpg123/src/libmpg123/parse.c', 420, 436 ]
770 silly gunzTarPerm extractEntry deps/mpg123/src/libmpg123/parse.h
771 silly gunzTarPerm modified mode [ 'deps/mpg123/src/libmpg123/parse.h', 420, 436 ]
772 silly gunzTarPerm extractEntry deps/mpg123/src/libmpg123/reader.h
773 silly gunzTarPerm modified mode [ 'deps/mpg123/src/libmpg123/reader.h', 420, 436 ]
774 silly gunzTarPerm extractEntry deps/mpg123/src/libmpg123/readers.c
775 silly gunzTarPerm modified mode [ 'deps/mpg123/src/libmpg123/readers.c', 420, 436 ]
776 silly gunzTarPerm extractEntry deps/mpg123/src/libmpg123/sample.h
777 silly gunzTarPerm modified mode [ 'deps/mpg123/src/libmpg123/sample.h', 420, 436 ]
778 silly gunzTarPerm extractEntry deps/mpg123/src/libmpg123/stringbuf.c
779 silly gunzTarPerm modified mode [ 'deps/mpg123/src/libmpg123/stringbuf.c', 420, 436 ]
780 silly gunzTarPerm extractEntry deps/mpg123/src/libmpg123/synth.c
781 silly gunzTarPerm modified mode [ 'deps/mpg123/src/libmpg123/synth.c', 420, 436 ]
782 silly gunzTarPerm extractEntry deps/mpg123/src/libmpg123/synth.h
783 silly gunzTarPerm modified mode [ 'deps/mpg123/src/libmpg123/synth.h', 420, 436 ]
784 silly gunzTarPerm extractEntry deps/mpg123/src/libmpg123/synth_3dnow.S
785 silly gunzTarPerm modified mode [ 'deps/mpg123/src/libmpg123/synth_3dnow.S', 420, 436 ]
786 silly gunzTarPerm extractEntry deps/mpg123/src/libmpg123/synth_3dnowext.S
787 silly gunzTarPerm modified mode [ 'deps/mpg123/src/libmpg123/synth_3dnowext.S', 420, 436 ]
788 silly gunzTarPerm extractEntry deps/mpg123/src/libmpg123/synth_8bit.c
789 silly gunzTarPerm modified mode [ 'deps/mpg123/src/libmpg123/synth_8bit.c', 420, 436 ]
790 silly gunzTarPerm extractEntry deps/mpg123/src/libmpg123/synth_8bit.h
791 silly gunzTarPerm modified mode [ 'deps/mpg123/src/libmpg123/synth_8bit.h', 420, 436 ]
792 silly gunzTarPerm extractEntry deps/mpg123/src/libmpg123/synth_altivec.c
793 silly gunzTarPerm modified mode [ 'deps/mpg123/src/libmpg123/synth_altivec.c', 420, 436 ]
794 silly gunzTarPerm extractEntry deps/mpg123/src/libmpg123/synth_arm.S
795 silly gunzTarPerm modified mode [ 'deps/mpg123/src/libmpg123/synth_arm.S', 420, 436 ]
796 silly gunzTarPerm extractEntry deps/mpg123/src/libmpg123/synth_arm_accurate.S
797 silly gunzTarPerm modified mode [ 'deps/mpg123/src/libmpg123/synth_arm_accurate.S', 420, 436 ]
798 silly gunzTarPerm extractEntry deps/mpg123/src/libmpg123/synth_i486.c
799 silly gunzTarPerm modified mode [ 'deps/mpg123/src/libmpg123/synth_i486.c', 420, 436 ]
800 silly gunzTarPerm extractEntry deps/mpg123/src/libmpg123/synth_i586.S
801 silly gunzTarPerm modified mode [ 'deps/mpg123/src/libmpg123/synth_i586.S', 420, 436 ]
802 silly gunzTarPerm extractEntry deps/mpg123/src/libmpg123/synth_i586_dither.S
803 silly gunzTarPerm modified mode [ 'deps/mpg123/src/libmpg123/synth_i586_dither.S', 420, 436 ]
804 silly gunzTarPerm extractEntry deps/mpg123/src/libmpg123/synth_mmx.S
805 silly gunzTarPerm modified mode [ 'deps/mpg123/src/libmpg123/synth_mmx.S', 420, 436 ]
806 silly gunzTarPerm extractEntry deps/mpg123/src/libmpg123/synth_mono.h
807 silly gunzTarPerm modified mode [ 'deps/mpg123/src/libmpg123/synth_mono.h', 420, 436 ]
808 silly gunzTarPerm extractEntry deps/mpg123/src/libmpg123/synth_neon.S
809 silly gunzTarPerm modified mode [ 'deps/mpg123/src/libmpg123/synth_neon.S', 420, 436 ]
810 silly gunzTarPerm extractEntry deps/mpg123/src/libmpg123/synth_neon_accurate.S
811 silly gunzTarPerm modified mode [ 'deps/mpg123/src/libmpg123/synth_neon_accurate.S', 420, 436 ]
812 silly gunzTarPerm extractEntry deps/mpg123/src/libmpg123/synth_neon_float.S
813 silly gunzTarPerm modified mode [ 'deps/mpg123/src/libmpg123/synth_neon_float.S', 420, 436 ]
814 silly gunzTarPerm extractEntry deps/mpg123/src/libmpg123/synth_neon_s32.S
815 silly gunzTarPerm modified mode [ 'deps/mpg123/src/libmpg123/synth_neon_s32.S', 420, 436 ]
816 silly gunzTarPerm extractEntry deps/mpg123/src/libmpg123/synth_ntom.h
817 silly gunzTarPerm modified mode [ 'deps/mpg123/src/libmpg123/synth_ntom.h', 420, 436 ]
818 silly gunzTarPerm extractEntry deps/mpg123/src/libmpg123/synth_real.c
819 silly gunzTarPerm modified mode [ 'deps/mpg123/src/libmpg123/synth_real.c', 420, 436 ]
820 silly gunzTarPerm extractEntry deps/mpg123/src/libmpg123/synth_s32.c
821 silly gunzTarPerm modified mode [ 'deps/mpg123/src/libmpg123/synth_s32.c', 420, 436 ]
822 silly gunzTarPerm extractEntry deps/mpg123/src/libmpg123/synth_sse.S
823 silly gunzTarPerm modified mode [ 'deps/mpg123/src/libmpg123/synth_sse.S', 420, 436 ]
824 silly gunzTarPerm extractEntry deps/mpg123/src/libmpg123/synth_sse3d.h
825 silly gunzTarPerm modified mode [ 'deps/mpg123/src/libmpg123/synth_sse3d.h', 420, 436 ]
826 silly gunzTarPerm extractEntry deps/mpg123/src/libmpg123/synth_sse_accurate.S
827 silly gunzTarPerm modified mode [ 'deps/mpg123/src/libmpg123/synth_sse_accurate.S', 420, 436 ]
828 silly gunzTarPerm extractEntry deps/mpg123/src/libmpg123/synth_sse_float.S
829 silly gunzTarPerm modified mode [ 'deps/mpg123/src/libmpg123/synth_sse_float.S', 420, 436 ]
830 silly gunzTarPerm extractEntry deps/mpg123/src/libmpg123/synth_sse_s32.S
831 silly gunzTarPerm modified mode [ 'deps/mpg123/src/libmpg123/synth_sse_s32.S', 420, 436 ]
832 silly gunzTarPerm extractEntry deps/mpg123/src/libmpg123/synth_stereo_neon.S
833 silly gunzTarPerm modified mode [ 'deps/mpg123/src/libmpg123/synth_stereo_neon.S', 420, 436 ]
834 silly gunzTarPerm extractEntry deps/mpg123/src/libmpg123/synth_stereo_neon_accurate.S
835 silly gunzTarPerm modified mode [ 'deps/mpg123/src/libmpg123/synth_stereo_neon_accurate.S',
835 silly gunzTarPerm   420,
835 silly gunzTarPerm   436 ]
836 silly gunzTarPerm extractEntry deps/mpg123/src/libmpg123/synth_stereo_neon_float.S
837 silly gunzTarPerm modified mode [ 'deps/mpg123/src/libmpg123/synth_stereo_neon_float.S',
837 silly gunzTarPerm   420,
837 silly gunzTarPerm   436 ]
838 silly gunzTarPerm extractEntry deps/mpg123/src/libmpg123/synth_stereo_neon_s32.S
839 silly gunzTarPerm modified mode [ 'deps/mpg123/src/libmpg123/synth_stereo_neon_s32.S', 420, 436 ]
840 silly gunzTarPerm extractEntry deps/mpg123/src/libmpg123/synth_stereo_sse_accurate.S
841 silly gunzTarPerm modified mode [ 'deps/mpg123/src/libmpg123/synth_stereo_sse_accurate.S',
841 silly gunzTarPerm   420,
841 silly gunzTarPerm   436 ]
842 silly gunzTarPerm extractEntry deps/mpg123/src/libmpg123/synth_stereo_sse_float.S
843 silly gunzTarPerm modified mode [ 'deps/mpg123/src/libmpg123/synth_stereo_sse_float.S',
843 silly gunzTarPerm   420,
843 silly gunzTarPerm   436 ]
844 silly gunzTarPerm extractEntry deps/mpg123/src/libmpg123/synth_stereo_sse_s32.S
845 silly gunzTarPerm modified mode [ 'deps/mpg123/src/libmpg123/synth_stereo_sse_s32.S', 420, 436 ]
846 silly gunzTarPerm extractEntry deps/mpg123/src/libmpg123/synth_stereo_x86_64.S
847 silly gunzTarPerm modified mode [ 'deps/mpg123/src/libmpg123/synth_stereo_x86_64.S', 420, 436 ]
848 silly gunzTarPerm extractEntry deps/mpg123/src/libmpg123/synth_stereo_x86_64_accurate.S
849 silly gunzTarPerm modified mode [ 'deps/mpg123/src/libmpg123/synth_stereo_x86_64_accurate.S',
849 silly gunzTarPerm   420,
849 silly gunzTarPerm   436 ]
850 silly gunzTarPerm extractEntry deps/mpg123/src/libmpg123/synth_stereo_x86_64_float.S
851 silly gunzTarPerm modified mode [ 'deps/mpg123/src/libmpg123/synth_stereo_x86_64_float.S',
851 silly gunzTarPerm   420,
851 silly gunzTarPerm   436 ]
852 silly gunzTarPerm extractEntry deps/mpg123/src/libmpg123/synth_stereo_x86_64_s32.S
853 silly gunzTarPerm modified mode [ 'deps/mpg123/src/libmpg123/synth_stereo_x86_64_s32.S',
853 silly gunzTarPerm   420,
853 silly gunzTarPerm   436 ]
854 silly gunzTarPerm extractEntry deps/mpg123/src/libmpg123/synth_x86_64.S
855 silly gunzTarPerm modified mode [ 'deps/mpg123/src/libmpg123/synth_x86_64.S', 420, 436 ]
856 silly gunzTarPerm extractEntry deps/mpg123/src/libmpg123/synth_x86_64_accurate.S
857 silly gunzTarPerm modified mode [ 'deps/mpg123/src/libmpg123/synth_x86_64_accurate.S', 420, 436 ]
858 silly gunzTarPerm extractEntry deps/mpg123/src/libmpg123/synth_x86_64_float.S
859 silly gunzTarPerm modified mode [ 'deps/mpg123/src/libmpg123/synth_x86_64_float.S', 420, 436 ]
860 silly gunzTarPerm extractEntry deps/mpg123/src/libmpg123/synth_x86_64_s32.S
861 silly gunzTarPerm modified mode [ 'deps/mpg123/src/libmpg123/synth_x86_64_s32.S', 420, 436 ]
862 silly gunzTarPerm extractEntry deps/mpg123/src/libmpg123/synths.h
863 silly gunzTarPerm modified mode [ 'deps/mpg123/src/libmpg123/synths.h', 420, 436 ]
864 silly gunzTarPerm extractEntry deps/mpg123/src/libmpg123/tabinit.c
865 silly gunzTarPerm modified mode [ 'deps/mpg123/src/libmpg123/tabinit.c', 420, 436 ]
866 silly gunzTarPerm extractEntry deps/mpg123/src/libmpg123/tabinit_mmx.S
867 silly gunzTarPerm modified mode [ 'deps/mpg123/src/libmpg123/tabinit_mmx.S', 420, 436 ]
868 silly gunzTarPerm extractEntry deps/mpg123/src/libmpg123/testcpu.c
869 silly gunzTarPerm modified mode [ 'deps/mpg123/src/libmpg123/testcpu.c', 420, 436 ]
870 silly gunzTarPerm extractEntry deps/mpg123/src/libmpg123/true.h
871 silly gunzTarPerm modified mode [ 'deps/mpg123/src/libmpg123/true.h', 420, 436 ]
872 silly gunzTarPerm extractEntry deps/mpg123/src/local.c
873 silly gunzTarPerm modified mode [ 'deps/mpg123/src/local.c', 420, 436 ]
874 silly gunzTarPerm extractEntry deps/mpg123/src/local.h
875 silly gunzTarPerm modified mode [ 'deps/mpg123/src/local.h', 420, 436 ]
876 silly gunzTarPerm extractEntry deps/mpg123/src/metaprint.c
877 silly gunzTarPerm modified mode [ 'deps/mpg123/src/metaprint.c', 420, 436 ]
878 silly gunzTarPerm extractEntry deps/mpg123/src/Makefile.in
879 silly gunzTarPerm modified mode [ 'deps/mpg123/src/Makefile.in', 420, 436 ]
880 silly gunzTarPerm extractEntry deps/mpg123/src/module.c
881 silly gunzTarPerm modified mode [ 'deps/mpg123/src/module.c', 420, 436 ]
882 silly gunzTarPerm extractEntry deps/mpg123/src/module.h
883 silly gunzTarPerm modified mode [ 'deps/mpg123/src/module.h', 420, 436 ]
884 silly gunzTarPerm extractEntry deps/mpg123/src/mpg123.c
885 silly gunzTarPerm modified mode [ 'deps/mpg123/src/mpg123.c', 420, 436 ]
886 silly gunzTarPerm extractEntry deps/mpg123/src/mpg123app.h
887 silly gunzTarPerm modified mode [ 'deps/mpg123/src/mpg123app.h', 420, 436 ]
888 silly gunzTarPerm extractEntry deps/mpg123/src/output/nas.c
889 silly gunzTarPerm modified mode [ 'deps/mpg123/src/output/nas.c', 420, 436 ]
890 silly gunzTarPerm extractEntry deps/mpg123/src/output/Makefile.am
891 silly gunzTarPerm modified mode [ 'deps/mpg123/src/output/Makefile.am', 420, 436 ]
892 silly gunzTarPerm extractEntry deps/mpg123/src/output/aix.c
893 silly gunzTarPerm modified mode [ 'deps/mpg123/src/output/aix.c', 420, 436 ]
894 silly gunzTarPerm extractEntry deps/mpg123/src/output/alib.c
895 silly gunzTarPerm modified mode [ 'deps/mpg123/src/output/alib.c', 420, 436 ]
896 silly gunzTarPerm extractEntry deps/mpg123/src/output/alsa.c
897 silly gunzTarPerm modified mode [ 'deps/mpg123/src/output/alsa.c', 420, 436 ]
898 silly gunzTarPerm extractEntry deps/mpg123/src/output/arts.c
899 silly gunzTarPerm modified mode [ 'deps/mpg123/src/output/arts.c', 420, 436 ]
900 silly gunzTarPerm extractEntry deps/mpg123/src/output/coreaudio.c
901 silly gunzTarPerm modified mode [ 'deps/mpg123/src/output/coreaudio.c', 420, 436 ]
902 silly gunzTarPerm extractEntry deps/mpg123/src/output/dummy.c
903 silly gunzTarPerm modified mode [ 'deps/mpg123/src/output/dummy.c', 420, 436 ]
904 silly gunzTarPerm extractEntry deps/mpg123/src/output/esd.c
905 silly gunzTarPerm modified mode [ 'deps/mpg123/src/output/esd.c', 420, 436 ]
906 silly gunzTarPerm extractEntry deps/mpg123/src/output/hp.c
907 silly gunzTarPerm modified mode [ 'deps/mpg123/src/output/hp.c', 420, 436 ]
908 silly gunzTarPerm extractEntry deps/mpg123/src/output/jack.c
909 silly gunzTarPerm modified mode [ 'deps/mpg123/src/output/jack.c', 420, 436 ]
910 silly gunzTarPerm extractEntry deps/mpg123/src/output/mint.c
911 silly gunzTarPerm modified mode [ 'deps/mpg123/src/output/mint.c', 420, 436 ]
912 silly gunzTarPerm extractEntry deps/mpg123/src/output/Makefile.in
913 silly gunzTarPerm modified mode [ 'deps/mpg123/src/output/Makefile.in', 420, 436 ]
914 silly gunzTarPerm extractEntry deps/mpg123/src/output/openal.c
915 silly gunzTarPerm modified mode [ 'deps/mpg123/src/output/openal.c', 420, 436 ]
916 silly gunzTarPerm extractEntry deps/mpg123/src/output/os2.c
917 silly gunzTarPerm modified mode [ 'deps/mpg123/src/output/os2.c', 420, 436 ]
918 silly gunzTarPerm extractEntry deps/mpg123/src/output/oss.c
919 silly gunzTarPerm modified mode [ 'deps/mpg123/src/output/oss.c', 420, 436 ]
920 silly gunzTarPerm extractEntry deps/mpg123/src/output/output.h
921 silly gunzTarPerm modified mode [ 'deps/mpg123/src/output/output.h', 420, 436 ]
922 silly gunzTarPerm extractEntry deps/mpg123/src/output/portaudio.c
923 silly gunzTarPerm modified mode [ 'deps/mpg123/src/output/portaudio.c', 420, 436 ]
924 silly gunzTarPerm extractEntry deps/mpg123/src/output/pulse.c
925 silly gunzTarPerm modified mode [ 'deps/mpg123/src/output/pulse.c', 420, 436 ]
926 silly gunzTarPerm extractEntry deps/mpg123/src/output/sdl.c
927 silly gunzTarPerm modified mode [ 'deps/mpg123/src/output/sdl.c', 420, 436 ]
928 silly gunzTarPerm extractEntry deps/mpg123/src/output/sgi.c
929 silly gunzTarPerm modified mode [ 'deps/mpg123/src/output/sgi.c', 420, 436 ]
930 silly gunzTarPerm extractEntry deps/mpg123/src/output/sndio.c
931 silly gunzTarPerm modified mode [ 'deps/mpg123/src/output/sndio.c', 420, 436 ]
932 silly gunzTarPerm extractEntry deps/mpg123/src/output/sun.c
933 silly gunzTarPerm modified mode [ 'deps/mpg123/src/output/sun.c', 420, 436 ]
934 silly gunzTarPerm extractEntry deps/mpg123/src/output/win32.c
935 silly gunzTarPerm modified mode [ 'deps/mpg123/src/output/win32.c', 420, 436 ]
936 silly gunzTarPerm extractEntry deps/mpg123/src/playlist.c
937 silly gunzTarPerm modified mode [ 'deps/mpg123/src/playlist.c', 420, 436 ]
938 silly gunzTarPerm extractEntry deps/mpg123/src/playlist.h
939 silly gunzTarPerm modified mode [ 'deps/mpg123/src/playlist.h', 420, 436 ]
940 silly gunzTarPerm extractEntry deps/mpg123/src/resolver.c
941 silly gunzTarPerm modified mode [ 'deps/mpg123/src/resolver.c', 420, 436 ]
942 silly gunzTarPerm extractEntry deps/mpg123/src/resolver.h
943 silly gunzTarPerm modified mode [ 'deps/mpg123/src/resolver.h', 420, 436 ]
944 silly gunzTarPerm extractEntry deps/mpg123/src/sfifo.c
945 silly gunzTarPerm modified mode [ 'deps/mpg123/src/sfifo.c', 420, 436 ]
946 silly gunzTarPerm extractEntry deps/mpg123/src/sfifo.h
947 silly gunzTarPerm modified mode [ 'deps/mpg123/src/sfifo.h', 420, 436 ]
948 silly gunzTarPerm extractEntry deps/mpg123/src/streamdump.c
949 silly gunzTarPerm modified mode [ 'deps/mpg123/src/streamdump.c', 420, 436 ]
950 silly gunzTarPerm extractEntry deps/mpg123/src/streamdump.h
951 silly gunzTarPerm modified mode [ 'deps/mpg123/src/streamdump.h', 420, 436 ]
952 silly gunzTarPerm extractEntry deps/mpg123/src/term.c
953 silly gunzTarPerm modified mode [ 'deps/mpg123/src/term.c', 420, 436 ]
954 silly gunzTarPerm extractEntry deps/mpg123/src/term.h
955 silly gunzTarPerm modified mode [ 'deps/mpg123/src/term.h', 420, 436 ]
956 silly gunzTarPerm extractEntry deps/mpg123/src/wav.c
957 silly gunzTarPerm modified mode [ 'deps/mpg123/src/wav.c', 420, 436 ]
958 silly gunzTarPerm extractEntry deps/mpg123/src/wavhead.h
959 silly gunzTarPerm modified mode [ 'deps/mpg123/src/wavhead.h', 420, 436 ]
960 silly gunzTarPerm extractEntry deps/mpg123/src/win32_net.c
961 silly gunzTarPerm modified mode [ 'deps/mpg123/src/win32_net.c', 493, 509 ]
962 silly gunzTarPerm extractEntry deps/mpg123/src/win32_support.c
963 silly gunzTarPerm modified mode [ 'deps/mpg123/src/win32_support.c', 493, 509 ]
964 silly gunzTarPerm extractEntry deps/mpg123/src/win32_support.h
965 silly gunzTarPerm modified mode [ 'deps/mpg123/src/win32_support.h', 493, 509 ]
966 silly gunzTarPerm extractEntry deps/mpg123/src/xfermem.c
967 silly gunzTarPerm modified mode [ 'deps/mpg123/src/xfermem.c', 420, 436 ]
968 silly gunzTarPerm extractEntry deps/mpg123/src/xfermem.h
969 silly gunzTarPerm modified mode [ 'deps/mpg123/src/xfermem.h', 420, 436 ]
970 silly gunzTarPerm extractEntry deps/mpg123/test.c
971 silly gunzTarPerm modified mode [ 'deps/mpg123/test.c', 420, 436 ]
972 silly gunzTarPerm extractEntry deps/mpg123/test_output.c
973 silly gunzTarPerm modified mode [ 'deps/mpg123/test_output.c', 420, 436 ]
974 silly gunzTarPerm extractEntry deps/mpg123/windows-builds.sh
975 silly gunzTarPerm modified mode [ 'deps/mpg123/windows-builds.sh', 493, 509 ]
976 silly gunzTarPerm extractEntry examples/sine.js
977 silly gunzTarPerm modified mode [ 'examples/sine.js', 420, 436 ]
978 silly gunzTarPerm extractEntry examples/stdin.js
979 silly gunzTarPerm modified mode [ 'examples/stdin.js', 420, 436 ]
980 silly gunzTarPerm extractEntry History.md
981 silly gunzTarPerm modified mode [ 'History.md', 420, 436 ]
982 silly gunzTarPerm extractEntry src/binding.cc
983 silly gunzTarPerm modified mode [ 'src/binding.cc', 420, 436 ]
984 silly gunzTarPerm extractEntry src/node_pointer.h
985 silly gunzTarPerm modified mode [ 'src/node_pointer.h', 420, 436 ]
986 silly gunzTarPerm extractEntry test/test.js
987 silly gunzTarPerm modified mode [ 'test/test.js', 420, 436 ]
988 silly doParallel preinstall 7
989 silly preinstall bindings@1.2.1 /var/www/BoomBox/node_modules/.staging/bindings-ec0a99de2da8b325522853c6ec6b984d
990 info lifecycle bindings@1.2.1~preinstall: bindings@1.2.1
991 silly preinstall core-util-is@1.0.2 /var/www/BoomBox/node_modules/.staging/core-util-is-ab4ff374a909fc959944b30f79e0d87b
992 info lifecycle core-util-is@1.0.2~preinstall: core-util-is@1.0.2
993 silly preinstall isarray@0.0.1 /var/www/BoomBox/node_modules/.staging/isarray-e31cd3272856f98a960ac5fbc3329c18
994 info lifecycle isarray@0.0.1~preinstall: isarray@0.0.1
995 silly preinstall nan@2.2.0 /var/www/BoomBox/node_modules/.staging/nan-1db1ef734bcd2520a7ea86bae22312d7
996 info lifecycle nan@2.2.0~preinstall: nan@2.2.0
997 silly preinstall string_decoder@0.10.31 /var/www/BoomBox/node_modules/.staging/string_decoder-1d081f268c69a41c14266129972b977b
998 info lifecycle string_decoder@0.10.31~preinstall: string_decoder@0.10.31
999 silly preinstall readable-stream@1.0.33 /var/www/BoomBox/node_modules/.staging/readable-stream-371a4bd4c052e507def82ec9c6ddd3c6
1000 info lifecycle readable-stream@1.0.33~preinstall: readable-stream@1.0.33
1001 silly preinstall speaker@0.2.6 /var/www/BoomBox/node_modules/.staging/speaker-d8fbbf80a1b96236bbefaa63238b9d1b
1002 info lifecycle speaker@0.2.6~preinstall: speaker@0.2.6
1003 silly lifecycle bindings@1.2.1~preinstall: no script for preinstall, continuing
1004 silly lifecycle core-util-is@1.0.2~preinstall: no script for preinstall, continuing
1005 silly lifecycle isarray@0.0.1~preinstall: no script for preinstall, continuing
1006 silly lifecycle nan@2.2.0~preinstall: no script for preinstall, continuing
1007 silly lifecycle string_decoder@0.10.31~preinstall: no script for preinstall, continuing
1008 silly lifecycle readable-stream@1.0.33~preinstall: no script for preinstall, continuing
1009 silly lifecycle speaker@0.2.6~preinstall: no script for preinstall, continuing
1010 silly doReverseSerial remove 0
1011 silly doSerial move 0
1012 silly doSerial finalize 7
1013 silly finalize /var/www/BoomBox/node_modules/bindings
1014 silly finalize /var/www/BoomBox/node_modules/core-util-is
1015 silly finalize /var/www/BoomBox/node_modules/isarray
1016 silly finalize /var/www/BoomBox/node_modules/nan
1017 silly finalize /var/www/BoomBox/node_modules/string_decoder
1018 silly finalize /var/www/BoomBox/node_modules/readable-stream
1019 silly finalize /var/www/BoomBox/node_modules/speaker
1020 silly doSerial build 7
1021 silly build bindings@1.2.1
1022 info linkStuff bindings@1.2.1
1023 silly linkStuff bindings@1.2.1 has /var/www/BoomBox/node_modules as its parent node_modules
1024 verbose linkBins bindings@1.2.1
1025 verbose linkMans bindings@1.2.1
1026 silly build core-util-is@1.0.2
1027 info linkStuff core-util-is@1.0.2
1028 silly linkStuff core-util-is@1.0.2 has /var/www/BoomBox/node_modules as its parent node_modules
1029 verbose linkBins core-util-is@1.0.2
1030 verbose linkMans core-util-is@1.0.2
1031 silly build isarray@0.0.1
1032 info linkStuff isarray@0.0.1
1033 silly linkStuff isarray@0.0.1 has /var/www/BoomBox/node_modules as its parent node_modules
1034 verbose linkBins isarray@0.0.1
1035 verbose linkMans isarray@0.0.1
1036 silly build nan@2.2.0
1037 info linkStuff nan@2.2.0
1038 silly linkStuff nan@2.2.0 has /var/www/BoomBox/node_modules as its parent node_modules
1039 verbose linkBins nan@2.2.0
1040 verbose linkMans nan@2.2.0
1041 silly build string_decoder@0.10.31
1042 info linkStuff string_decoder@0.10.31
1043 silly linkStuff string_decoder@0.10.31 has /var/www/BoomBox/node_modules as its parent node_modules
1044 verbose linkBins string_decoder@0.10.31
1045 verbose linkMans string_decoder@0.10.31
1046 silly build readable-stream@1.0.33
1047 info linkStuff readable-stream@1.0.33
1048 silly linkStuff readable-stream@1.0.33 has /var/www/BoomBox/node_modules as its parent node_modules
1049 verbose linkBins readable-stream@1.0.33
1050 verbose linkMans readable-stream@1.0.33
1051 silly build speaker@0.2.6
1052 info linkStuff speaker@0.2.6
1053 silly linkStuff speaker@0.2.6 has /var/www/BoomBox/node_modules as its parent node_modules
1054 verbose linkBins speaker@0.2.6
1055 verbose linkMans speaker@0.2.6
1056 silly doSerial global-link 0
1057 silly doParallel update-linked 0
1058 silly doSerial install 7
1059 silly install bindings@1.2.1 /var/www/BoomBox/node_modules/.staging/bindings-ec0a99de2da8b325522853c6ec6b984d
1060 info lifecycle bindings@1.2.1~install: bindings@1.2.1
1061 silly lifecycle bindings@1.2.1~install: no script for install, continuing
1062 silly install core-util-is@1.0.2 /var/www/BoomBox/node_modules/.staging/core-util-is-ab4ff374a909fc959944b30f79e0d87b
1063 info lifecycle core-util-is@1.0.2~install: core-util-is@1.0.2
1064 silly lifecycle core-util-is@1.0.2~install: no script for install, continuing
1065 silly install isarray@0.0.1 /var/www/BoomBox/node_modules/.staging/isarray-e31cd3272856f98a960ac5fbc3329c18
1066 info lifecycle isarray@0.0.1~install: isarray@0.0.1
1067 silly lifecycle isarray@0.0.1~install: no script for install, continuing
1068 silly install nan@2.2.0 /var/www/BoomBox/node_modules/.staging/nan-1db1ef734bcd2520a7ea86bae22312d7
1069 info lifecycle nan@2.2.0~install: nan@2.2.0
1070 silly lifecycle nan@2.2.0~install: no script for install, continuing
1071 silly install string_decoder@0.10.31 /var/www/BoomBox/node_modules/.staging/string_decoder-1d081f268c69a41c14266129972b977b
1072 info lifecycle string_decoder@0.10.31~install: string_decoder@0.10.31
1073 silly lifecycle string_decoder@0.10.31~install: no script for install, continuing
1074 silly install readable-stream@1.0.33 /var/www/BoomBox/node_modules/.staging/readable-stream-371a4bd4c052e507def82ec9c6ddd3c6
1075 info lifecycle readable-stream@1.0.33~install: readable-stream@1.0.33
1076 silly lifecycle readable-stream@1.0.33~install: no script for install, continuing
1077 silly install speaker@0.2.6 /var/www/BoomBox/node_modules/.staging/speaker-d8fbbf80a1b96236bbefaa63238b9d1b
1078 info lifecycle speaker@0.2.6~install: speaker@0.2.6
1079 verbose lifecycle speaker@0.2.6~install: unsafe-perm in lifecycle true
1080 verbose lifecycle speaker@0.2.6~install: PATH: /usr/local/lib/node_modules/npm/bin/node-gyp-bin:/var/www/BoomBox/node_modules/speaker/node_modules/.bin:/var/www/BoomBox/node_modules/.bin:/usr/local/bin:/usr/bin:/usr/local/sbin:/usr/sbin:/home/boombox/.local/bin:/home/boombox/bin
1081 verbose lifecycle speaker@0.2.6~install: CWD: /var/www/BoomBox/node_modules/speaker
1082 silly lifecycle speaker@0.2.6~install: Args: [ '-c', 'node-gyp rebuild' ]
1083 silly lifecycle speaker@0.2.6~install: Returned: code: 1  signal: null
1084 info lifecycle speaker@0.2.6~install: Failed to exec install script
1085 verbose unlock done using /home/boombox/.npm/_locks/staging-c72dc0bbad214443.lock for /var/www/BoomBox/node_modules/.staging
1086 silly rollbackFailedOptional Starting
1087 silly rollbackFailedOptional Finishing
1088 silly runTopLevelLifecycles Starting
1089 silly runTopLevelLifecycles Finishing
1090 silly install printInstalled
1091 verbose stack Error: speaker@0.2.6 install: `node-gyp rebuild`
1091 verbose stack Exit status 1
1091 verbose stack     at EventEmitter.<anonymous> (/usr/local/lib/node_modules/npm/lib/utils/lifecycle.js:232:16)
1091 verbose stack     at emitTwo (events.js:100:13)
1091 verbose stack     at EventEmitter.emit (events.js:185:7)
1091 verbose stack     at ChildProcess.<anonymous> (/usr/local/lib/node_modules/npm/lib/utils/spawn.js:24:14)
1091 verbose stack     at emitTwo (events.js:100:13)
1091 verbose stack     at ChildProcess.emit (events.js:185:7)
1091 verbose stack     at maybeClose (internal/child_process.js:821:16)
1091 verbose stack     at Process.ChildProcess._handle.onexit (internal/child_process.js:211:5)
1092 verbose pkgid speaker@0.2.6
1093 verbose cwd /var/www/BoomBox
1094 error Linux 3.10.0-327.4.5.el7.x86_64
1095 error argv "/usr/local/bin/node" "/usr/local/bin/npm" "install" "speaker"
1096 error node v5.5.0
1097 error npm  v3.3.12
1098 error code ELIFECYCLE
1099 error speaker@0.2.6 install: `node-gyp rebuild`
1099 error Exit status 1
1100 error Failed at the speaker@0.2.6 install script 'node-gyp rebuild'.
1100 error Make sure you have the latest version of node.js and npm installed.
1100 error If you do, this is most likely a problem with the speaker package,
1100 error not with npm itself.
1100 error Tell the author that this fails on your system:
1100 error     node-gyp rebuild
1100 error You can get their info via:
1100 error     npm owner ls speaker
1100 error There is likely additional logging output above.
1101 verbose exit [ 1, true ]
